Request method:	POST
Request URI:	https://rahulshettyacademy.com/maps/api/place/add/json?key=qaclick123
Proxy:			<none>
Request params:	<none>
Query params:	key=qaclick123
Form params:	<none>
Path params:	<none>
Headers:		Accept=*/*
				Content-Type=application/json; charset=UTF-8
Cookies:		<none>
Multiparts:		<none>
Body:
{
    "accuracy": "50",
    "name": "Shopers Stop - Add",
    "phone_number": "+965 123123",
    "address": "6t8u0o, Street, West Coast - 24-Mar-2024_15-01-33-227",
    "types": [
        "Grocery",
        "Snack",
        "Beverages"
    ],
    "voyage": [
        "New Delhi",
        "Pune",
        "Mumbai",
        "Hyderabad"
    ],
    "website": "www.google.com",
    "language": "Sanskrit",
    "location": {
        "lat": 32.98977,
        "lng": -32.98977
    },
    "nicknames": {
        "schoolName": "takle",
        "houseName": "bhai"
    }
}
Request method:	GET
Request URI:	https://rahulshettyacademy.com/maps/api/place/get/json?key=qaclick123&place_id=8d9982910c51d1cff52b3312707e0afd
Proxy:			<none>
Request params:	<none>
Query params:	key=qaclick123
				place_id=8d9982910c51d1cff52b3312707e0afd
Form params:	<none>
Path params:	<none>
Headers:		Accept=*/*
				Content-Type=application/json; charset=UTF-8
Cookies:		<none>
Multiparts:		<none>
Body:			<none>
Request method:	POST
Request URI:	https://rahulshettyacademy.com/maps/api/place/delete/json?key=qaclick123
Proxy:			<none>
Request params:	<none>
Query params:	key=qaclick123
Form params:	<none>
Path params:	<none>
Headers:		Accept=*/*
				Content-Type=application/json; charset=UTF-8
Cookies:		<none>
Multiparts:		<none>
Body:
{
    "place_id": "8d9982910c51d1cff52b3312707e0afd"
}
