Request method:	POST
Request URI:	https://rahulshettyacademy.com/maps/api/place/add/json?key=qaclick123
Proxy:			<none>
Request params:	<none>
Query params:	key=qaclick123
Form params:	<none>
Path params:	<none>
Headers:		Accept=*/*
				Content-Type=application/json; charset=UTF-8
Cookies:		<none>
Multiparts:		<none>
Body:
{
    "accuracy": "50",
    "name": "Megha Resort - Add",
    "phone_number": "+965 123123",
    "address": "0o9i8u, Street, West Coast - 24-Mar-2024_20-44-03-383",
    "types": [
        "Grocery",
        "Snack",
        "Beverages"
    ],
    "voyage": [
        "New Delhi",
        "Pune",
        "Mumbai",
        "Hyderabad",
        "New Delhi",
        "Pune",
        "Mumbai",
        "Hyderabad",
        "New Delhi",
        "Pune",
        "Mumbai",
        "Hyderabad",
        "New Delhi",
        "Pune",
        "Mumbai",
        "Hyderabad",
        "New Delhi",
        "Pune",
        "Mumbai",
        "Hyderabad",
        "New Delhi",
        "Pune",
        "Mumbai",
        "Hyderabad",
        "New Delhi",
        "Pune",
        "Mumbai",
        "Hyderabad",
        "New Delhi",
        "Pune",
        "Mumbai",
        "Hyderabad",
        "New Delhi",
        "Pune",
        "Mumbai",
        "Hyderabad",
        "New Delhi",
        "Pune",
        "Mumbai",
        "Hyderabad",
        "New Delhi",
        "Pune",
        "Mumbai",
        "Hyderabad",
        "New Delhi",
        "Pune",
        "Mumbai",
        "Hyderabad",
        "New Delhi",
        "Pune",
        "Mumbai",
        "Hyderabad",
        "New Delhi",
        "Pune",
        "Mumbai",
        "Hyderabad",
        "New Delhi",
        "Pune",
        "Mumbai",
        "Hyderabad",
        "New Delhi",
        "Pune",
        "Mumbai",
        "Hyderabad",
        "New Delhi",
        "Pune",
        "Mumbai",
        "Hyderabad",
        "New Delhi",
        "Pune",
        "Mumbai",
        "Hyderabad",
        "New Delhi",
        "Pune",
        "Mumbai",
        "Hyderabad",
        "New Delhi",
        "Pune",
        "Mumbai",
        "Hyderabad",
        "New Delhi",
        "Pune",
        "Mumbai",
        "Hyderabad",
        "New Delhi",
        "Pune",
        "Mumbai",
        "Hyderabad",
        "New Delhi",
        "Pune",
        "Mumbai",
        "Hyderabad",
        "New Delhi",
        "Pune",
        "Mumbai",
        "Hyderabad",
        "New Delhi",
        "Pune",
        "Mumbai",
        "Hyderabad",
        "New Delhi",
        "Pune",
        "Mumbai",
        "Hyderabad",
        "New Delhi",
        "Pune",
        "Mumbai",
        "Hyderabad",
        "New Delhi",
        "Pune",
        "Mumbai",
        "Hyderabad",
        "New Delhi",
        "Pune",
        "Mumbai",
        "Hyderabad",
        "New Delhi",
        "Pune",
        "Mumbai",
        "Hyderabad",
        "New Delhi",
        "Pune",
        "Mumbai",
        "Hyderabad",
        "New Delhi",
        "Pune",
        "Mumbai",
        "Hyderabad",
        "New Delhi",
        "Pune",
        "Mumbai",
        "Hyderabad",
        "New Delhi",
        "Pune",
        "Mumbai",
        "Hyderabad"
    ],
    "website": "www.google.com",
    "language": "Spanish",
    "location": {
        "lat": 32.98977,
        "lng": -32.98977
    },
    "nicknames": {
        "schoolName": "takle",
        "houseName": "bhai"
    }
}
