Request method:	POST
Request URI:	https://rahulshettyacademy.com/maps/api/place/add/json?key=qaclick123
Proxy:			<none>
Request params:	<none>
Query params:	key=qaclick123
Form params:	<none>
Path params:	<none>
Headers:		Accept=*/*
				Content-Type=application/json; charset=UTF-8
Cookies:		<none>
Multiparts:		<none>
Body:
{
    "accuracy": "50",
    "name": "Sai Nilayam - Add",
    "phone_number": "+965 123123",
    "address": "8u7y6t, Street, West Coast - 24-Mar-2024_14-54-04-173",
    "types": [
        "Grocery",
        "Snack",
        "Beverages"
    ],
    "website": "www.google.com",
    "language": "Hindi",
    "location": {
        "lat": 32.98977,
        "lng": -32.98977
    },
    "nicknames": {
        "schoolName": "takle",
        "houseName": "bhai"
    }
}
Request method:	GET
Request URI:	https://rahulshettyacademy.com/maps/api/place/get/json?key=qaclick123&place_id=f448cb57502429eb027d375250c02c78
Proxy:			<none>
Request params:	<none>
Query params:	key=qaclick123
				place_id=f448cb57502429eb027d375250c02c78
Form params:	<none>
Path params:	<none>
Headers:		Accept=*/*
				Content-Type=application/json; charset=UTF-8
Cookies:		<none>
Multiparts:		<none>
Body:			<none>
Request method:	POST
Request URI:	https://rahulshettyacademy.com/maps/api/place/delete/json?key=qaclick123
Proxy:			<none>
Request params:	<none>
Query params:	key=qaclick123
Form params:	<none>
Path params:	<none>
Headers:		Accept=*/*
				Content-Type=application/json; charset=UTF-8
Cookies:		<none>
Multiparts:		<none>
Body:
{
    "place_id": "f448cb57502429eb027d375250c02c78"
}
