Request method:	POST
Request URI:	https://rahulshettyacademy.com/maps/api/place/add/json?key=qaclick123
Proxy:			<none>
Request params:	<none>
Query params:	key=qaclick123
Form params:	<none>
Path params:	<none>
Headers:		Accept=*/*
				Content-Type=application/json; charset=UTF-8
Cookies:		<none>
Multiparts:		<none>
Body:
{
    "accuracy": "50",
    "name": "Test House - Add",
    "phone_number": "+965 123123",
    "address": "123, Street, East Coast - 24-Mar-2024_15-00-57-042",
    "types": [
        "Grocery",
        "Dairy",
        "Snack",
        "Beverages",
        "Medicines"
    ],
    "voyage": [
        "New Delhi",
        "Pune",
        "Mumbai",
        "Hyderabad"
    ],
    "website": "www.google.com",
    "language": "English",
    "location": {
        "lat": 32.98977,
        "lng": -32.98977
    },
    "nicknames": {
        "schoolName": "takle",
        "houseName": "bhai"
    }
}
Request method:	GET
Request URI:	https://rahulshettyacademy.com/maps/api/place/get/json?key=qaclick123&place_id=99459bcdef2ecfdd323713bb864b1196
Proxy:			<none>
Request params:	<none>
Query params:	key=qaclick123
				place_id=99459bcdef2ecfdd323713bb864b1196
Form params:	<none>
Path params:	<none>
Headers:		Accept=*/*
				Content-Type=application/json; charset=UTF-8
Cookies:		<none>
Multiparts:		<none>
Body:			<none>
Request method:	POST
Request URI:	https://rahulshettyacademy.com/maps/api/place/delete/json?key=qaclick123
Proxy:			<none>
Request params:	<none>
Query params:	key=qaclick123
Form params:	<none>
Path params:	<none>
Headers:		Accept=*/*
				Content-Type=application/json; charset=UTF-8
Cookies:		<none>
Multiparts:		<none>
Body:
{
    "place_id": "99459bcdef2ecfdd323713bb864b1196"
}
