Request method:	POST
Request URI:	https://rahulshettyacademy.com/maps/api/place/add/json?key=qaclick123
Proxy:			<none>
Request params:	<none>
Query params:	key=qaclick123
Form params:	<none>
Path params:	<none>
Headers:		Accept=*/*
				Content-Type=application/json; charset=UTF-8
Cookies:		<none>
Multiparts:		<none>
Body:
{
    "accuracy": "50",
    "name": "Eclipse Hall - Add",
    "phone_number": "+965 123123",
    "address": "0o6t3w, Street, West Coast - 24-Mar-2024_14-38-43-893",
    "types": [
        "Grocery",
        "Snack",
        "Beverages"
    ],
    "website": "www.google.com",
    "language": "Hindi",
    "location": {
        "lat": 32.98977,
        "lng": -32.98977
    }
}
Request method:	GET
Request URI:	https://rahulshettyacademy.com/maps/api/place/get/json?key=qaclick123&place_id=d7a8a519b33c1aad78ff11c104dbdb12
Proxy:			<none>
Request params:	<none>
Query params:	key=qaclick123
				place_id=d7a8a519b33c1aad78ff11c104dbdb12
Form params:	<none>
Path params:	<none>
Headers:		Accept=*/*
				Content-Type=application/json; charset=UTF-8
Cookies:		<none>
Multiparts:		<none>
Body:			<none>
Request method:	POST
Request URI:	https://rahulshettyacademy.com/maps/api/place/delete/json?key=qaclick123
Proxy:			<none>
Request params:	<none>
Query params:	key=qaclick123
Form params:	<none>
Path params:	<none>
Headers:		Accept=*/*
				Content-Type=application/json; charset=UTF-8
Cookies:		<none>
Multiparts:		<none>
Body:
{
    "place_id": "d7a8a519b33c1aad78ff11c104dbdb12"
}
