HTTP/1.1 200 OK
Date: Sat, 23 Dec 2023 13:51:19 GMT
Server: Apache/2.4.52 (Ubuntu)
Access-Control-Allow-Origin: *
Access-Control-Allow-Methods: POST
Access-Control-Max-Age: 3600
Access-Control-Allow-Headers: Content-Type, Access-Control-Allow-Headers, Authorization, X-Requested-With
Content-Length: 194
Keep-Alive: timeout=5, max=100
Connection: Keep-Alive
Content-Type: application/json;charset=UTF-8

{
    "status": "OK",
    "place_id": "1dbc33ea58a26c44718026142e4c06ac",
    "scope": "APP",
    "reference": "dad98de0990e1937d2e9adc6f9b88630dad98de0990e1937d2e9adc6f9b88630",
    "id": "dad98de0990e1937d2e9adc6f9b88630"
}
HTTP/1.1 404 Not Found
Date: Sat, 23 Dec 2023 13:51:20 GMT
Server: Apache/2.4.52 (Ubuntu)
Access-Control-Allow-Origin: *
Access-Control-Allow-Methods: POST
Access-Control-Max-Age: 3600
Access-Control-Allow-Headers: Content-Type, Access-Control-Allow-Headers, Authorization, X-Requested-With
Content-Length: 67
Keep-Alive: timeout=5, max=100
Connection: Keep-Alive
Content-Type: application/json;charset=UTF-8

{
    "msg": "Get operation failed, looks like place_id  doesn't exists"
}
