HTTP/1.1 200 OK
Date: Sun, 24 Mar 2024 09:24:21 GMT
Server: Apache/2.4.52 (Ubuntu)
Access-Control-Allow-Origin: *
Access-Control-Allow-Methods: POST
Access-Control-Max-Age: 3600
Access-Control-Allow-Headers: Content-Type, Access-Control-Allow-Headers, Authorization, X-Requested-With
Content-Length: 194
Keep-Alive: timeout=5, max=100
Connection: Keep-Alive
Content-Type: application/json;charset=UTF-8

{
    "status": "OK",
    "place_id": "a9f68901688c582ea85c6f81d86a884a",
    "scope": "APP",
    "reference": "01e439f1189dd474137d03b5d8782c6a01e439f1189dd474137d03b5d8782c6a",
    "id": "01e439f1189dd474137d03b5d8782c6a"
}
HTTP/1.1 200 OK
Date: Sun, 24 Mar 2024 09:24:21 GMT
Server: Apache/2.4.52 (Ubuntu)
Access-Control-Allow-Origin: *
Access-Control-Allow-Methods: POST
Access-Control-Max-Age: 3600
Access-Control-Allow-Headers: Content-Type, Access-Control-Allow-Headers, Authorization, X-Requested-With
Content-Length: 279
Keep-Alive: timeout=5, max=100
Connection: Keep-Alive
Content-Type: application/json;charset=UTF-8

{
    "location": {
        "latitude": "32.98977",
        "longitude": "-32.98977"
    },
    "accuracy": "50",
    "name": "Puma Shoes - Add",
    "phone_number": "+965 123123",
    "address": "1q8u5r, Street, West Coast - 24-Mar-2024_14-54-21-489",
    "types": "Grocery,Snack,Beverages",
    "website": "www.google.com",
    "language": "Punjabi"
}
HTTP/1.1 200 OK
Date: Sun, 24 Mar 2024 09:24:23 GMT
Server: Apache/2.4.52 (Ubuntu)
Access-Control-Allow-Origin: *
Access-Control-Allow-Methods: POST
Access-Control-Max-Age: 3600
Access-Control-Allow-Headers: Content-Type, Access-Control-Allow-Headers, Authorization, X-Requested-With
Content-Length: 15
Keep-Alive: timeout=5, max=100
Connection: Keep-Alive
Content-Type: application/json;charset=UTF-8

{
    "status": "OK"
}
