HTTP/1.1 200 OK
Date: Sat, 23 Dec 2023 12:14:02 GMT
Server: Apache/2.4.52 (Ubuntu)
Access-Control-Allow-Origin: *
Access-Control-Allow-Methods: POST
Access-Control-Max-Age: 3600
Access-Control-Allow-Headers: Content-Type, Access-Control-Allow-Headers, Authorization, X-Requested-With
Content-Length: 194
Keep-Alive: timeout=5, max=100
Connection: Keep-Alive
Content-Type: application/json;charset=UTF-8

{
    "status": "OK",
    "place_id": "a08d5798a1e2c8483760431c05d01792",
    "scope": "APP",
    "reference": "3c500e99d4a8676d493304a944604d403c500e99d4a8676d493304a944604d40",
    "id": "3c500e99d4a8676d493304a944604d40"
}
HTTP/1.1 200 OK
Date: Sat, 23 Dec 2023 12:14:03 GMT
Server: Apache/2.4.52 (Ubuntu)
Access-Control-Allow-Origin: *
Access-Control-Allow-Methods: POST
Access-Control-Max-Age: 3600
Access-Control-Allow-Headers: Content-Type, Access-Control-Allow-Headers, Authorization, X-Requested-With
Content-Length: 289
Keep-Alive: timeout=5, max=100
Connection: Keep-Alive
Content-Type: application/json;charset=UTF-8

{
    "location": {
        "latitude": "32.98977",
        "longitude": "-32.98977"
    },
    "accuracy": "50",
    "name": "Test House",
    "phone_number": "+965 123123",
    "address": "123, Street, East Coast - 23-Dec-2023_17-44-00-979",
    "types": "Grocery,Dairy,Snack,Beverages,Medicines",
    "website": "www.google.com",
    "language": "English-IN"
}
HTTP/1.1 200 OK
Date: Sat, 23 Dec 2023 12:14:04 GMT
Server: Apache/2.4.52 (Ubuntu)
Access-Control-Allow-Origin: *
Access-Control-Allow-Methods: POST
Access-Control-Max-Age: 3600
Access-Control-Allow-Headers: Content-Type, Access-Control-Allow-Headers, Authorization, X-Requested-With
Content-Length: 15
Keep-Alive: timeout=5, max=100
Connection: Keep-Alive
Content-Type: application/json;charset=UTF-8

{
    "status": "OK"
}
