HTTP/1.1 200 OK
Date: Fri, 22 Dec 2023 20:21:25 GMT
Server: Apache/2.4.52 (Ubuntu)
Access-Control-Allow-Origin: *
Access-Control-Allow-Methods: POST
Access-Control-Max-Age: 3600
Access-Control-Allow-Headers: Content-Type, Access-Control-Allow-Headers, Authorization, X-Requested-With
Content-Length: 194
Keep-Alive: timeout=5, max=100
Connection: Keep-Alive
Content-Type: application/json;charset=UTF-8

{
    "status": "OK",
    "place_id": "20f19644946dac212d3098eb4880f3d4",
    "scope": "APP",
    "reference": "7555b603131731da2a8c5fe390f49e197555b603131731da2a8c5fe390f49e19",
    "id": "7555b603131731da2a8c5fe390f49e19"
}
HTTP/1.1 200 OK
Date: Fri, 22 Dec 2023 20:21:26 GMT
Server: Apache/2.4.52 (Ubuntu)
Access-Control-Allow-Origin: *
Access-Control-Allow-Methods: POST
Access-Control-Max-Age: 3600
Access-Control-Allow-Headers: Content-Type, Access-Control-Allow-Headers, Authorization, X-Requested-With
Content-Length: 0
Keep-Alive: timeout=5, max=100
Connection: Keep-Alive
Content-Type: application/json; charset=UTF-8
