HTTP/1.1 200 OK
Date: Sun, 24 Mar 2024 09:09:00 GMT
Server: Apache/2.4.52 (Ubuntu)
Access-Control-Allow-Origin: *
Access-Control-Allow-Methods: POST
Access-Control-Max-Age: 3600
Access-Control-Allow-Headers: Content-Type, Access-Control-Allow-Headers, Authorization, X-Requested-With
Content-Length: 194
Keep-Alive: timeout=5, max=100
Connection: Keep-Alive
Content-Type: application/json;charset=UTF-8

{
    "status": "OK",
    "place_id": "29f314b2af68a6bea6c4a6e77aba887f",
    "scope": "APP",
    "reference": "6ab857cfc2274653610d6a51917c12386ab857cfc2274653610d6a51917c1238",
    "id": "6ab857cfc2274653610d6a51917c1238"
}
HTTP/1.1 200 OK
Date: Sun, 24 Mar 2024 09:09:00 GMT
Server: Apache/2.4.52 (Ubuntu)
Access-Control-Allow-Origin: *
Access-Control-Allow-Methods: POST
Access-Control-Max-Age: 3600
Access-Control-Allow-Headers: Content-Type, Access-Control-Allow-Headers, Authorization, X-Requested-With
Content-Length: 282
Keep-Alive: timeout=5, max=100
Connection: Keep-Alive
Content-Type: application/json;charset=UTF-8

{
    "location": {
        "latitude": "32.98977",
        "longitude": "-32.98977"
    },
    "accuracy": "50",
    "name": "Shopers Stop - Add",
    "phone_number": "+965 123123",
    "address": "6t8u0o, Street, West Coast - 24-Mar-2024_14-38-59-887",
    "types": "Grocery,Snack,Beverages",
    "website": "www.google.com",
    "language": "Sanskrit"
}
HTTP/1.1 200 OK
Date: Sun, 24 Mar 2024 09:09:03 GMT
Server: Apache/2.4.52 (Ubuntu)
Access-Control-Allow-Origin: *
Access-Control-Allow-Methods: POST
Access-Control-Max-Age: 3600
Access-Control-Allow-Headers: Content-Type, Access-Control-Allow-Headers, Authorization, X-Requested-With
Content-Length: 15
Keep-Alive: timeout=5, max=100
Connection: Keep-Alive
Content-Type: application/json;charset=UTF-8

{
    "status": "OK"
}
