HTTP/1.1 200 OK
Date: Fri, 22 Dec 2023 20:01:46 GMT
Server: Apache/2.4.52 (Ubuntu)
Access-Control-Allow-Origin: *
Access-Control-Allow-Methods: POST
Access-Control-Max-Age: 3600
Access-Control-Allow-Headers: Content-Type, Access-Control-Allow-Headers, Authorization, X-Requested-With
Content-Length: 194
Keep-Alive: timeout=5, max=100
Connection: Keep-Alive
Content-Type: application/json;charset=UTF-8

{
    "status": "OK",
    "place_id": "ab3a6fb2c1696a9a684496db4b2721d8",
    "scope": "APP",
    "reference": "0f57d772b8b3765b455bfa9ebd9d1d7a0f57d772b8b3765b455bfa9ebd9d1d7a",
    "id": "0f57d772b8b3765b455bfa9ebd9d1d7a"
}
HTTP/1.1 200 OK
Date: Fri, 22 Dec 2023 20:01:47 GMT
Server: Apache/2.4.52 (Ubuntu)
Access-Control-Allow-Origin: *
Access-Control-Allow-Methods: POST
Access-Control-Max-Age: 3600
Access-Control-Allow-Headers: Content-Type, Access-Control-Allow-Headers, Authorization, X-Requested-With
Content-Length: 0
Keep-Alive: timeout=5, max=100
Connection: Keep-Alive
Content-Type: application/json; charset=UTF-8
