HTTP/1.1 200 OK
Date: Sun, 24 Mar 2024 15:16:03 GMT
Server: Apache/2.4.52 (Ubuntu)
Access-Control-Allow-Origin: *
Access-Control-Allow-Methods: POST
Access-Control-Max-Age: 3600
Access-Control-Allow-Headers: Content-Type, Access-Control-Allow-Headers, Authorization, X-Requested-With
Content-Length: 194
Keep-Alive: timeout=5, max=100
Connection: Keep-Alive
Content-Type: application/json;charset=UTF-8

{
    "status": "OK",
    "place_id": "09db1a30c7c1054df548d47bfee40a56",
    "scope": "APP",
    "reference": "9d01124d5c856d5ce9de1329a8df53e99d01124d5c856d5ce9de1329a8df53e9",
    "id": "9d01124d5c856d5ce9de1329a8df53e9"
}
HTTP/1.1 200 OK
Date: Sun, 24 Mar 2024 15:16:08 GMT
Server: Apache/2.4.52 (Ubuntu)
Access-Control-Allow-Origin: *
Access-Control-Allow-Methods: POST
Access-Control-Max-Age: 3600
Access-Control-Allow-Headers: Content-Type, Access-Control-Allow-Headers, Authorization, X-Requested-With
Content-Length: 272
Keep-Alive: timeout=5, max=100
Connection: Keep-Alive
Content-Type: application/json;charset=UTF-8

{
    "location": {
        "latitude": "32.98977",
        "longitude": "-32.98977"
    },
    "accuracy": "50",
    "name": "IICC - Add",
    "phone_number": "+965 123123",
    "address": "7y6t5r, Street, West Coast - 24-Mar-2024_20-46-02-534",
    "types": "Grocery,Snack,Beverages",
    "website": "www.google.com",
    "language": "French"
}
HTTP/1.1 200 OK
Date: Sun, 24 Mar 2024 15:16:10 GMT
Server: Apache/2.4.52 (Ubuntu)
Access-Control-Allow-Origin: *
Access-Control-Allow-Methods: POST
Access-Control-Max-Age: 3600
Access-Control-Allow-Headers: Content-Type, Access-Control-Allow-Headers, Authorization, X-Requested-With
Content-Length: 15
Keep-Alive: timeout=5, max=100
Connection: Keep-Alive
Content-Type: application/json;charset=UTF-8

{
    "status": "OK"
}
