HTTP/1.1 200 OK
Date: Sat, 23 Dec 2023 13:08:55 GMT
Server: Apache/2.4.52 (Ubuntu)
Access-Control-Allow-Origin: *
Access-Control-Allow-Methods: POST
Access-Control-Max-Age: 3600
Access-Control-Allow-Headers: Content-Type, Access-Control-Allow-Headers, Authorization, X-Requested-With
Content-Length: 194
Keep-Alive: timeout=5, max=100
Connection: Keep-Alive
Content-Type: application/json;charset=UTF-8

{
    "status": "OK",
    "place_id": "26f7fe8e65d14d39d521fa52423018fe",
    "scope": "APP",
    "reference": "30960cf82a7f058574ae6260f160da5430960cf82a7f058574ae6260f160da54",
    "id": "30960cf82a7f058574ae6260f160da54"
}
HTTP/1.1 404 Not Found
Date: Sat, 23 Dec 2023 13:08:55 GMT
Server: Apache/2.4.52 (Ubuntu)
Access-Control-Allow-Origin: *
Access-Control-Allow-Methods: POST
Access-Control-Max-Age: 3600
Access-Control-Allow-Headers: Content-Type, Access-Control-Allow-Headers, Authorization, X-Requested-With
Content-Length: 67
Keep-Alive: timeout=5, max=100
Connection: Keep-Alive
Content-Type: application/json;charset=UTF-8

{
    "msg": "Get operation failed, looks like place_id  doesn't exists"
}
