HTTP/1.1 200 OK
Date: Sun, 24 Mar 2024 15:15:42 GMT
Server: Apache/2.4.52 (Ubuntu)
Access-Control-Allow-Origin: *
Access-Control-Allow-Methods: POST
Access-Control-Max-Age: 3600
Access-Control-Allow-Headers: Content-Type, Access-Control-Allow-Headers, Authorization, X-Requested-With
Content-Length: 194
Keep-Alive: timeout=5, max=100
Connection: Keep-Alive
Content-Type: application/json;charset=UTF-8

{
    "status": "OK",
    "place_id": "51cb4b04fc1c8817ee7520072c867927",
    "scope": "APP",
    "reference": "1ba10bd75083066af9079bd77c7ca2eb1ba10bd75083066af9079bd77c7ca2eb",
    "id": "1ba10bd75083066af9079bd77c7ca2eb"
}
HTTP/1.1 200 OK
Date: Sun, 24 Mar 2024 15:15:43 GMT
Server: Apache/2.4.52 (Ubuntu)
Access-Control-Allow-Origin: *
Access-Control-Allow-Methods: POST
Access-Control-Max-Age: 3600
Access-Control-Allow-Headers: Content-Type, Access-Control-Allow-Headers, Authorization, X-Requested-With
Content-Length: 279
Keep-Alive: timeout=5, max=100
Connection: Keep-Alive
Content-Type: application/json;charset=UTF-8

{
    "location": {
        "latitude": "32.98977",
        "longitude": "-32.98977"
    },
    "accuracy": "50",
    "name": "Ahmed Villa - Add",
    "phone_number": "+965 123123",
    "address": "2w1q2e, Street, West Coast - 24-Mar-2024_20-45-35-223",
    "types": "Grocery,Snack,Beverages",
    "website": "www.google.com",
    "language": "French"
}
HTTP/1.1 200 OK
Date: Sun, 24 Mar 2024 15:15:47 GMT
Server: Apache/2.4.52 (Ubuntu)
Access-Control-Allow-Origin: *
Access-Control-Allow-Methods: POST
Access-Control-Max-Age: 3600
Access-Control-Allow-Headers: Content-Type, Access-Control-Allow-Headers, Authorization, X-Requested-With
Content-Length: 15
Keep-Alive: timeout=5, max=100
Connection: Keep-Alive
Content-Type: application/json;charset=UTF-8

{
    "status": "OK"
}
