HTTP/1.1 200 OK
Date: Sun, 24 Mar 2024 09:08:30 GMT
Server: Apache/2.4.52 (Ubuntu)
Access-Control-Allow-Origin: *
Access-Control-Allow-Methods: POST
Access-Control-Max-Age: 3600
Access-Control-Allow-Headers: Content-Type, Access-Control-Allow-Headers, Authorization, X-Requested-With
Content-Length: 194
Keep-Alive: timeout=5, max=100
Connection: Keep-Alive
Content-Type: application/json;charset=UTF-8

{
    "status": "OK",
    "place_id": "1c1aa9f7ba88985dc1e9bed3974ecd4d",
    "scope": "APP",
    "reference": "de5bea3c785c4f3498429561fac169f2de5bea3c785c4f3498429561fac169f2",
    "id": "de5bea3c785c4f3498429561fac169f2"
}
HTTP/1.1 200 OK
Date: Sun, 24 Mar 2024 09:08:31 GMT
Server: Apache/2.4.52 (Ubuntu)
Access-Control-Allow-Origin: *
Access-Control-Allow-Methods: POST
Access-Control-Max-Age: 3600
Access-Control-Allow-Headers: Content-Type, Access-Control-Allow-Headers, Authorization, X-Requested-With
Content-Length: 281
Keep-Alive: timeout=5, max=100
Connection: Keep-Alive
Content-Type: application/json;charset=UTF-8

{
    "location": {
        "latitude": "32.98977",
        "longitude": "-32.98977"
    },
    "accuracy": "50",
    "name": "Megha Resort - Add",
    "phone_number": "+965 123123",
    "address": "0o9i8u, Street, West Coast - 24-Mar-2024_14-38-30-710",
    "types": "Grocery,Snack,Beverages",
    "website": "www.google.com",
    "language": "Spanish"
}
HTTP/1.1 200 OK
Date: Sun, 24 Mar 2024 09:08:32 GMT
Server: Apache/2.4.52 (Ubuntu)
Access-Control-Allow-Origin: *
Access-Control-Allow-Methods: POST
Access-Control-Max-Age: 3600
Access-Control-Allow-Headers: Content-Type, Access-Control-Allow-Headers, Authorization, X-Requested-With
Content-Length: 15
Keep-Alive: timeout=5, max=100
Connection: Keep-Alive
Content-Type: application/json;charset=UTF-8

{
    "status": "OK"
}
