HTTP/1.1 200 OK
Date: Sat, 23 Dec 2023 13:45:24 GMT
Server: Apache/2.4.52 (Ubuntu)
Access-Control-Allow-Origin: *
Access-Control-Allow-Methods: POST
Access-Control-Max-Age: 3600
Access-Control-Allow-Headers: Content-Type, Access-Control-Allow-Headers, Authorization, X-Requested-With
Content-Length: 194
Keep-Alive: timeout=5, max=100
Connection: Keep-Alive
Content-Type: application/json;charset=UTF-8

{
    "status": "OK",
    "place_id": "27bb38273775ddec5d574a6764dc2704",
    "scope": "APP",
    "reference": "30d8e057c440712fd621be203dc0f47a30d8e057c440712fd621be203dc0f47a",
    "id": "30d8e057c440712fd621be203dc0f47a"
}
HTTP/1.1 200 OK
Date: Sat, 23 Dec 2023 13:45:25 GMT
Server: Apache/2.4.52 (Ubuntu)
Access-Control-Allow-Origin: *
Access-Control-Allow-Methods: POST
Access-Control-Max-Age: 3600
Access-Control-Allow-Headers: Content-Type, Access-Control-Allow-Headers, Authorization, X-Requested-With
Content-Length: 289
Keep-Alive: timeout=5, max=100
Connection: Keep-Alive
Content-Type: application/json;charset=UTF-8

{
    "location": {
        "latitude": "32.98977",
        "longitude": "-32.98977"
    },
    "accuracy": "50",
    "name": "Test House",
    "phone_number": "+965 123123",
    "address": "123, Street, East Coast - 23-Dec-2023_19-15-22-848",
    "types": "Grocery,Dairy,Snack,Beverages,Medicines",
    "website": "www.google.com",
    "language": "English-IN"
}
HTTP/1.1 404 Not Found
Date: Sat, 23 Dec 2023 13:45:26 GMT
Server: Apache/2.4.52 (Ubuntu)
Access-Control-Allow-Origin: *
Access-Control-Allow-Methods: POST
Access-Control-Max-Age: 3600
Access-Control-Allow-Headers: Content-Type, Access-Control-Allow-Headers, Authorization, X-Requested-With
Content-Length: 69
Keep-Alive: timeout=5, max=100
Connection: Keep-Alive
Content-Type: application/json;charset=UTF-8

{
    "msg": "Delete operation failed, looks like the data doesn't exists"
}
