HTTP/1.1 200 OK
Date: Sat, 23 Dec 2023 13:15:15 GMT
Server: Apache/2.4.52 (Ubuntu)
Access-Control-Allow-Origin: *
Access-Control-Allow-Methods: POST
Access-Control-Max-Age: 3600
Access-Control-Allow-Headers: Content-Type, Access-Control-Allow-Headers, Authorization, X-Requested-With
Content-Length: 194
Keep-Alive: timeout=5, max=100
Connection: Keep-Alive
Content-Type: application/json;charset=UTF-8

{
    "status": "OK",
    "place_id": "6e166c98d9eb03fbac779e8fe82da1ae",
    "scope": "APP",
    "reference": "9f0fb7fff08a3eda677556e19c46dc6f9f0fb7fff08a3eda677556e19c46dc6f",
    "id": "9f0fb7fff08a3eda677556e19c46dc6f"
}
HTTP/1.1 404 Not Found
Date: Sat, 23 Dec 2023 13:15:16 GMT
Server: Apache/2.4.52 (Ubuntu)
Access-Control-Allow-Origin: *
Access-Control-Allow-Methods: POST
Access-Control-Max-Age: 3600
Access-Control-Allow-Headers: Content-Type, Access-Control-Allow-Headers, Authorization, X-Requested-With
Content-Length: 67
Keep-Alive: timeout=5, max=100
Connection: Keep-Alive
Content-Type: application/json;charset=UTF-8

{
    "msg": "Get operation failed, looks like place_id  doesn't exists"
}
