HTTP/1.1 200 OK
Date: Sat, 23 Dec 2023 14:02:57 GMT
Server: Apache/2.4.52 (Ubuntu)
Access-Control-Allow-Origin: *
Access-Control-Allow-Methods: POST
Access-Control-Max-Age: 3600
Access-Control-Allow-Headers: Content-Type, Access-Control-Allow-Headers, Authorization, X-Requested-With
Content-Length: 194
Keep-Alive: timeout=5, max=100
Connection: Keep-Alive
Content-Type: application/json;charset=UTF-8

{
    "status": "OK",
    "place_id": "6b34acc8c06ec2050d562ce0058abdf2",
    "scope": "APP",
    "reference": "887e602d6dd25b23289a019a8348e137887e602d6dd25b23289a019a8348e137",
    "id": "887e602d6dd25b23289a019a8348e137"
}
HTTP/1.1 200 OK
Date: Sat, 23 Dec 2023 14:02:58 GMT
Server: Apache/2.4.52 (Ubuntu)
Access-Control-Allow-Origin: *
Access-Control-Allow-Methods: POST
Access-Control-Max-Age: 3600
Access-Control-Allow-Headers: Content-Type, Access-Control-Allow-Headers, Authorization, X-Requested-With
Content-Length: 289
Keep-Alive: timeout=5, max=100
Connection: Keep-Alive
Content-Type: application/json;charset=UTF-8

{
    "location": {
        "latitude": "32.98977",
        "longitude": "-32.98977"
    },
    "accuracy": "50",
    "name": "Test House",
    "phone_number": "+965 123123",
    "address": "123, Street, East Coast - 23-Dec-2023_19-32-56-440",
    "types": "Grocery,Dairy,Snack,Beverages,Medicines",
    "website": "www.google.com",
    "language": "English-IN"
}
HTTP/1.1 200 OK
Date: Sat, 23 Dec 2023 14:02:59 GMT
Server: Apache/2.4.52 (Ubuntu)
Access-Control-Allow-Origin: *
Access-Control-Allow-Methods: POST
Access-Control-Max-Age: 3600
Access-Control-Allow-Headers: Content-Type, Access-Control-Allow-Headers, Authorization, X-Requested-With
Content-Length: 15
Keep-Alive: timeout=5, max=100
Connection: Keep-Alive
Content-Type: application/json;charset=UTF-8

{
    "status": "OK"
}
