HTTP/1.1 200 OK
Date: Fri, 22 Dec 2023 20:09:22 GMT
Server: Apache/2.4.52 (Ubuntu)
Access-Control-Allow-Origin: *
Access-Control-Allow-Methods: POST
Access-Control-Max-Age: 3600
Access-Control-Allow-Headers: Content-Type, Access-Control-Allow-Headers, Authorization, X-Requested-With
Content-Length: 194
Keep-Alive: timeout=5, max=100
Connection: Keep-Alive
Content-Type: application/json;charset=UTF-8

{
    "status": "OK",
    "place_id": "1442f1e78d661ca9cf8655c02a70ffa7",
    "scope": "APP",
    "reference": "43605b1fb4422ee57b0d27d3fe255e2843605b1fb4422ee57b0d27d3fe255e28",
    "id": "43605b1fb4422ee57b0d27d3fe255e28"
}
HTTP/1.1 200 OK
Date: Fri, 22 Dec 2023 20:09:23 GMT
Server: Apache/2.4.52 (Ubuntu)
Access-Control-Allow-Origin: *
Access-Control-Allow-Methods: POST
Access-Control-Max-Age: 3600
Access-Control-Allow-Headers: Content-Type, Access-Control-Allow-Headers, Authorization, X-Requested-With
Content-Length: 0
Keep-Alive: timeout=5, max=100
Connection: Keep-Alive
Content-Type: application/json; charset=UTF-8
