HTTP/1.1 200 OK
Date: Sun, 24 Mar 2024 09:24:13 GMT
Server: Apache/2.4.52 (Ubuntu)
Access-Control-Allow-Origin: *
Access-Control-Allow-Methods: POST
Access-Control-Max-Age: 3600
Access-Control-Allow-Headers: Content-Type, Access-Control-Allow-Headers, Authorization, X-Requested-With
Content-Length: 194
Keep-Alive: timeout=5, max=100
Connection: Keep-Alive
Content-Type: application/json;charset=UTF-8

{
    "status": "OK",
    "place_id": "03f536b0b963d5fee4c5c65d666abd56",
    "scope": "APP",
    "reference": "f4d5d510400a37b6ada832d7ad8e786df4d5d510400a37b6ada832d7ad8e786d",
    "id": "f4d5d510400a37b6ada832d7ad8e786d"
}
HTTP/1.1 200 OK
Date: Sun, 24 Mar 2024 09:24:15 GMT
Server: Apache/2.4.52 (Ubuntu)
Access-Control-Allow-Origin: *
Access-Control-Allow-Methods: POST
Access-Control-Max-Age: 3600
Access-Control-Allow-Headers: Content-Type, Access-Control-Allow-Headers, Authorization, X-Requested-With
Content-Length: 279
Keep-Alive: timeout=5, max=100
Connection: Keep-Alive
Content-Type: application/json;charset=UTF-8

{
    "location": {
        "latitude": "32.98977",
        "longitude": "-32.98977"
    },
    "accuracy": "50",
    "name": "Eclipse Hall - Add",
    "phone_number": "+965 123123",
    "address": "0o6t3w, Street, West Coast - 24-Mar-2024_14-54-13-238",
    "types": "Grocery,Snack,Beverages",
    "website": "www.google.com",
    "language": "Hindi"
}
HTTP/1.1 200 OK
Date: Sun, 24 Mar 2024 09:24:16 GMT
Server: Apache/2.4.52 (Ubuntu)
Access-Control-Allow-Origin: *
Access-Control-Allow-Methods: POST
Access-Control-Max-Age: 3600
Access-Control-Allow-Headers: Content-Type, Access-Control-Allow-Headers, Authorization, X-Requested-With
Content-Length: 15
Keep-Alive: timeout=5, max=100
Connection: Keep-Alive
Content-Type: application/json;charset=UTF-8

{
    "status": "OK"
}
