HTTP/1.1 200 OK
Date: Fri, 22 Dec 2023 20:04:41 GMT
Server: Apache/2.4.52 (Ubuntu)
Access-Control-Allow-Origin: *
Access-Control-Allow-Methods: POST
Access-Control-Max-Age: 3600
Access-Control-Allow-Headers: Content-Type, Access-Control-Allow-Headers, Authorization, X-Requested-With
Content-Length: 194
Keep-Alive: timeout=5, max=100
Connection: Keep-Alive
Content-Type: application/json;charset=UTF-8

{
    "status": "OK",
    "place_id": "84c7fc344f147452443960a869009734",
    "scope": "APP",
    "reference": "599c0c1fc4461bee64ea47c4f0076b0f599c0c1fc4461bee64ea47c4f0076b0f",
    "id": "599c0c1fc4461bee64ea47c4f0076b0f"
}
HTTP/1.1 200 OK
Date: Fri, 22 Dec 2023 20:04:41 GMT
Server: Apache/2.4.52 (Ubuntu)
Access-Control-Allow-Origin: *
Access-Control-Allow-Methods: POST
Access-Control-Max-Age: 3600
Access-Control-Allow-Headers: Content-Type, Access-Control-Allow-Headers, Authorization, X-Requested-With
Content-Length: 0
Keep-Alive: timeout=5, max=100
Connection: Keep-Alive
Content-Type: application/json; charset=UTF-8
