HTTP/1.1 200 OK
Date: Sat, 23 Dec 2023 13:21:02 GMT
Server: Apache/2.4.52 (Ubuntu)
Access-Control-Allow-Origin: *
Access-Control-Allow-Methods: POST
Access-Control-Max-Age: 3600
Access-Control-Allow-Headers: Content-Type, Access-Control-Allow-Headers, Authorization, X-Requested-With
Content-Length: 194
Keep-Alive: timeout=5, max=100
Connection: Keep-Alive
Content-Type: application/json;charset=UTF-8

{
    "status": "OK",
    "place_id": "a1641bb8304ad522e8b0081826df9ea8",
    "scope": "APP",
    "reference": "c4d69f6c0bb6acccc1f01314b4687b88c4d69f6c0bb6acccc1f01314b4687b88",
    "id": "c4d69f6c0bb6acccc1f01314b4687b88"
}
HTTP/1.1 404 Not Found
Date: Sat, 23 Dec 2023 13:21:03 GMT
Server: Apache/2.4.52 (Ubuntu)
Access-Control-Allow-Origin: *
Access-Control-Allow-Methods: POST
Access-Control-Max-Age: 3600
Access-Control-Allow-Headers: Content-Type, Access-Control-Allow-Headers, Authorization, X-Requested-With
Content-Length: 67
Keep-Alive: timeout=5, max=100
Connection: Keep-Alive
Content-Type: application/json;charset=UTF-8

{
    "msg": "Get operation failed, looks like place_id  doesn't exists"
}
