HTTP/1.1 200 OK
Date: Sun, 24 Mar 2024 09:31:01 GMT
Server: Apache/2.4.52 (Ubuntu)
Access-Control-Allow-Origin: *
Access-Control-Allow-Methods: POST
Access-Control-Max-Age: 3600
Access-Control-Allow-Headers: Content-Type, Access-Control-Allow-Headers, Authorization, X-Requested-With
Content-Length: 194
Keep-Alive: timeout=5, max=100
Connection: Keep-Alive
Content-Type: application/json;charset=UTF-8

{
    "status": "OK",
    "place_id": "6d047a0981436d1fe4abf4af2419d3b3",
    "scope": "APP",
    "reference": "82e12421eebd5cdce6d59b96f6e5e8c182e12421eebd5cdce6d59b96f6e5e8c1",
    "id": "82e12421eebd5cdce6d59b96f6e5e8c1"
}
HTTP/1.1 200 OK
Date: Sun, 24 Mar 2024 09:31:01 GMT
Server: Apache/2.4.52 (Ubuntu)
Access-Control-Allow-Origin: *
Access-Control-Allow-Methods: POST
Access-Control-Max-Age: 3600
Access-Control-Allow-Headers: Content-Type, Access-Control-Allow-Headers, Authorization, X-Requested-With
Content-Length: 279
Keep-Alive: timeout=5, max=100
Connection: Keep-Alive
Content-Type: application/json;charset=UTF-8

{
    "location": {
        "latitude": "32.98977",
        "longitude": "-32.98977"
    },
    "accuracy": "50",
    "name": "Ahmed Villa - Add",
    "phone_number": "+965 123123",
    "address": "2w1q2e, Street, West Coast - 24-Mar-2024_15-01-01-374",
    "types": "Grocery,Snack,Beverages",
    "website": "www.google.com",
    "language": "French"
}
HTTP/1.1 200 OK
Date: Sun, 24 Mar 2024 09:31:03 GMT
Server: Apache/2.4.52 (Ubuntu)
Access-Control-Allow-Origin: *
Access-Control-Allow-Methods: POST
Access-Control-Max-Age: 3600
Access-Control-Allow-Headers: Content-Type, Access-Control-Allow-Headers, Authorization, X-Requested-With
Content-Length: 15
Keep-Alive: timeout=5, max=100
Connection: Keep-Alive
Content-Type: application/json;charset=UTF-8

{
    "status": "OK"
}
