HTTP/1.1 200 OK
Date: Sun, 24 Mar 2024 15:18:42 GMT
Server: Apache/2.4.52 (Ubuntu)
Access-Control-Allow-Origin: *
Access-Control-Allow-Methods: POST
Access-Control-Max-Age: 3600
Access-Control-Allow-Headers: Content-Type, Access-Control-Allow-Headers, Authorization, X-Requested-With
Content-Length: 194
Keep-Alive: timeout=5, max=100
Connection: Keep-Alive
Content-Type: application/json;charset=UTF-8

{
    "status": "OK",
    "place_id": "a6b406c4483211cdd9061f90c2df3f64",
    "scope": "APP",
    "reference": "abc537d834c7403b2733fc111ed9562dabc537d834c7403b2733fc111ed9562d",
    "id": "abc537d834c7403b2733fc111ed9562d"
}
HTTP/1.1 200 OK
Date: Sun, 24 Mar 2024 15:18:43 GMT
Server: Apache/2.4.52 (Ubuntu)
Access-Control-Allow-Origin: *
Access-Control-Allow-Methods: POST
Access-Control-Max-Age: 3600
Access-Control-Allow-Headers: Content-Type, Access-Control-Allow-Headers, Authorization, X-Requested-With
Content-Length: 279
Keep-Alive: timeout=5, max=100
Connection: Keep-Alive
Content-Type: application/json;charset=UTF-8

{
    "location": {
        "latitude": "32.98977",
        "longitude": "-32.98977"
    },
    "accuracy": "50",
    "name": "Puma Shoes - Add",
    "phone_number": "+965 123123",
    "address": "1q8u5r, Street, West Coast - 24-Mar-2024_20-48-42-531",
    "types": "Grocery,Snack,Beverages",
    "website": "www.google.com",
    "language": "Punjabi"
}
HTTP/1.1 200 OK
Date: Sun, 24 Mar 2024 15:18:46 GMT
Server: Apache/2.4.52 (Ubuntu)
Access-Control-Allow-Origin: *
Access-Control-Allow-Methods: POST
Access-Control-Max-Age: 3600
Access-Control-Allow-Headers: Content-Type, Access-Control-Allow-Headers, Authorization, X-Requested-With
Content-Length: 15
Keep-Alive: timeout=5, max=100
Connection: Keep-Alive
Content-Type: application/json;charset=UTF-8

{
    "status": "OK"
}
