HTTP/1.1 200 OK
Date: Sun, 24 Mar 2024 15:20:15 GMT
Server: Apache/2.4.52 (Ubuntu)
Access-Control-Allow-Origin: *
Access-Control-Allow-Methods: POST
Access-Control-Max-Age: 3600
Access-Control-Allow-Headers: Content-Type, Access-Control-Allow-Headers, Authorization, X-Requested-With
Content-Length: 194
Keep-Alive: timeout=5, max=100
Connection: Keep-Alive
Content-Type: application/json;charset=UTF-8

{
    "status": "OK",
    "place_id": "0376abe1cd544c48ffa42ef07e1f9cd3",
    "scope": "APP",
    "reference": "588f583b803acc013579934b17e3fbb1588f583b803acc013579934b17e3fbb1",
    "id": "588f583b803acc013579934b17e3fbb1"
}
HTTP/1.1 200 OK
Date: Sun, 24 Mar 2024 15:20:16 GMT
Server: Apache/2.4.52 (Ubuntu)
Access-Control-Allow-Origin: *
Access-Control-Allow-Methods: POST
Access-Control-Max-Age: 3600
Access-Control-Allow-Headers: Content-Type, Access-Control-Allow-Headers, Authorization, X-Requested-With
Content-Length: 292
Keep-Alive: timeout=5, max=100
Connection: Keep-Alive
Content-Type: application/json;charset=UTF-8

{
    "location": {
        "latitude": "32.98977",
        "longitude": "-32.98977"
    },
    "accuracy": "50",
    "name": "Test House - Add",
    "phone_number": "+965 123123",
    "address": "123, Street, East Coast - 24-Mar-2024_20-50-13-291",
    "types": "Grocery,Dairy,Snack,Beverages,Medicines",
    "website": "www.google.com",
    "language": "English"
}
HTTP/1.1 200 OK
Date: Sun, 24 Mar 2024 15:20:18 GMT
Server: Apache/2.4.52 (Ubuntu)
Access-Control-Allow-Origin: *
Access-Control-Allow-Methods: POST
Access-Control-Max-Age: 3600
Access-Control-Allow-Headers: Content-Type, Access-Control-Allow-Headers, Authorization, X-Requested-With
Content-Length: 15
Keep-Alive: timeout=5, max=100
Connection: Keep-Alive
Content-Type: application/json;charset=UTF-8

{
    "status": "OK"
}
