HTTP/1.1 200 OK
Date: Fri, 22 Dec 2023 20:10:30 GMT
Server: Apache/2.4.52 (Ubuntu)
Access-Control-Allow-Origin: *
Access-Control-Allow-Methods: POST
Access-Control-Max-Age: 3600
Access-Control-Allow-Headers: Content-Type, Access-Control-Allow-Headers, Authorization, X-Requested-With
Content-Length: 194
Keep-Alive: timeout=5, max=100
Connection: Keep-Alive
Content-Type: application/json;charset=UTF-8

{
    "status": "OK",
    "place_id": "c6581f63912e6586c22f24cad5263698",
    "scope": "APP",
    "reference": "b986633389b4aee706958fcf487f4cfbb986633389b4aee706958fcf487f4cfb",
    "id": "b986633389b4aee706958fcf487f4cfb"
}
HTTP/1.1 200 OK
Date: Fri, 22 Dec 2023 20:10:31 GMT
Server: Apache/2.4.52 (Ubuntu)
Access-Control-Allow-Origin: *
Access-Control-Allow-Methods: POST
Access-Control-Max-Age: 3600
Access-Control-Allow-Headers: Content-Type, Access-Control-Allow-Headers, Authorization, X-Requested-With
Content-Length: 0
Keep-Alive: timeout=5, max=100
Connection: Keep-Alive
Content-Type: application/json; charset=UTF-8
