HTTP/1.1 200 OK
Date: Fri, 22 Dec 2023 20:26:14 GMT
Server: Apache/2.4.52 (Ubuntu)
Access-Control-Allow-Origin: *
Access-Control-Allow-Methods: POST
Access-Control-Max-Age: 3600
Access-Control-Allow-Headers: Content-Type, Access-Control-Allow-Headers, Authorization, X-Requested-With
Content-Length: 194
Keep-Alive: timeout=5, max=100
Connection: Keep-Alive
Content-Type: application/json;charset=UTF-8

{
    "status": "OK",
    "place_id": "c365f610db71b1f81f7e353f547e3610",
    "scope": "APP",
    "reference": "74aec265ce904abb01fc65d815a3f51b74aec265ce904abb01fc65d815a3f51b",
    "id": "74aec265ce904abb01fc65d815a3f51b"
}
HTTP/1.1 200 OK
Date: Fri, 22 Dec 2023 20:26:15 GMT
Server: Apache/2.4.52 (Ubuntu)
Access-Control-Allow-Origin: *
Access-Control-Allow-Methods: POST
Access-Control-Max-Age: 3600
Access-Control-Allow-Headers: Content-Type, Access-Control-Allow-Headers, Authorization, X-Requested-With
Content-Length: 0
Keep-Alive: timeout=5, max=100
Connection: Keep-Alive
Content-Type: application/json; charset=UTF-8
