HTTP/1.1 200 OK
Date: Sun, 24 Mar 2024 09:08:27 GMT
Server: Apache/2.4.52 (Ubuntu)
Access-Control-Allow-Origin: *
Access-Control-Allow-Methods: POST
Access-Control-Max-Age: 3600
Access-Control-Allow-Headers: Content-Type, Access-Control-Allow-Headers, Authorization, X-Requested-With
Content-Length: 194
Keep-Alive: timeout=5, max=100
Connection: Keep-Alive
Content-Type: application/json;charset=UTF-8

{
    "status": "OK",
    "place_id": "b3ce39dd292d4e593d3cbad6286cb976",
    "scope": "APP",
    "reference": "65e1ec90f0e7866463b59b4e7360f41965e1ec90f0e7866463b59b4e7360f419",
    "id": "65e1ec90f0e7866463b59b4e7360f419"
}
HTTP/1.1 200 OK
Date: Sun, 24 Mar 2024 09:08:27 GMT
Server: Apache/2.4.52 (Ubuntu)
Access-Control-Allow-Origin: *
Access-Control-Allow-Methods: POST
Access-Control-Max-Age: 3600
Access-Control-Allow-Headers: Content-Type, Access-Control-Allow-Headers, Authorization, X-Requested-With
Content-Length: 279
Keep-Alive: timeout=5, max=100
Connection: Keep-Alive
Content-Type: application/json;charset=UTF-8

{
    "location": {
        "latitude": "32.98977",
        "longitude": "-32.98977"
    },
    "accuracy": "50",
    "name": "Ahmed Villa - Add",
    "phone_number": "+965 123123",
    "address": "2w1q2e, Street, West Coast - 24-Mar-2024_14-38-27-227",
    "types": "Grocery,Snack,Beverages",
    "website": "www.google.com",
    "language": "French"
}
HTTP/1.1 200 OK
Date: Sun, 24 Mar 2024 09:08:29 GMT
Server: Apache/2.4.52 (Ubuntu)
Access-Control-Allow-Origin: *
Access-Control-Allow-Methods: POST
Access-Control-Max-Age: 3600
Access-Control-Allow-Headers: Content-Type, Access-Control-Allow-Headers, Authorization, X-Requested-With
Content-Length: 15
Keep-Alive: timeout=5, max=100
Connection: Keep-Alive
Content-Type: application/json;charset=UTF-8

{
    "status": "OK"
}
