HTTP/1.1 200 OK
Date: Sun, 24 Mar 2024 09:31:33 GMT
Server: Apache/2.4.52 (Ubuntu)
Access-Control-Allow-Origin: *
Access-Control-Allow-Methods: POST
Access-Control-Max-Age: 3600
Access-Control-Allow-Headers: Content-Type, Access-Control-Allow-Headers, Authorization, X-Requested-With
Content-Length: 194
Keep-Alive: timeout=5, max=100
Connection: Keep-Alive
Content-Type: application/json;charset=UTF-8

{
    "status": "OK",
    "place_id": "8d9982910c51d1cff52b3312707e0afd",
    "scope": "APP",
    "reference": "ab07139157f87250df6fdffa7089d653ab07139157f87250df6fdffa7089d653",
    "id": "ab07139157f87250df6fdffa7089d653"
}
HTTP/1.1 200 OK
Date: Sun, 24 Mar 2024 09:31:33 GMT
Server: Apache/2.4.52 (Ubuntu)
Access-Control-Allow-Origin: *
Access-Control-Allow-Methods: POST
Access-Control-Max-Age: 3600
Access-Control-Allow-Headers: Content-Type, Access-Control-Allow-Headers, Authorization, X-Requested-With
Content-Length: 282
Keep-Alive: timeout=5, max=100
Connection: Keep-Alive
Content-Type: application/json;charset=UTF-8

{
    "location": {
        "latitude": "32.98977",
        "longitude": "-32.98977"
    },
    "accuracy": "50",
    "name": "Shopers Stop - Add",
    "phone_number": "+965 123123",
    "address": "6t8u0o, Street, West Coast - 24-Mar-2024_15-01-33-227",
    "types": "Grocery,Snack,Beverages",
    "website": "www.google.com",
    "language": "Sanskrit"
}
HTTP/1.1 200 OK
Date: Sun, 24 Mar 2024 09:31:39 GMT
Server: Apache/2.4.52 (Ubuntu)
Access-Control-Allow-Origin: *
Access-Control-Allow-Methods: POST
Access-Control-Max-Age: 3600
Access-Control-Allow-Headers: Content-Type, Access-Control-Allow-Headers, Authorization, X-Requested-With
Content-Length: 15
Keep-Alive: timeout=5, max=100
Connection: Keep-Alive
Content-Type: application/json;charset=UTF-8

{
    "status": "OK"
}
