HTTP/1.1 200 OK
Date: Sun, 24 Mar 2024 09:31:05 GMT
Server: Apache/2.4.52 (Ubuntu)
Access-Control-Allow-Origin: *
Access-Control-Allow-Methods: POST
Access-Control-Max-Age: 3600
Access-Control-Allow-Headers: Content-Type, Access-Control-Allow-Headers, Authorization, X-Requested-With
Content-Length: 194
Keep-Alive: timeout=5, max=100
Connection: Keep-Alive
Content-Type: application/json;charset=UTF-8

{
    "status": "OK",
    "place_id": "ba69ab08fa583672bf35d946406db414",
    "scope": "APP",
    "reference": "494991a599c000212a6415cfe8c364e5494991a599c000212a6415cfe8c364e5",
    "id": "494991a599c000212a6415cfe8c364e5"
}
HTTP/1.1 200 OK
Date: Sun, 24 Mar 2024 09:31:06 GMT
Server: Apache/2.4.52 (Ubuntu)
Access-Control-Allow-Origin: *
Access-Control-Allow-Methods: POST
Access-Control-Max-Age: 3600
Access-Control-Allow-Headers: Content-Type, Access-Control-Allow-Headers, Authorization, X-Requested-With
Content-Length: 281
Keep-Alive: timeout=5, max=100
Connection: Keep-Alive
Content-Type: application/json;charset=UTF-8

{
    "location": {
        "latitude": "32.98977",
        "longitude": "-32.98977"
    },
    "accuracy": "50",
    "name": "Megha Resort - Add",
    "phone_number": "+965 123123",
    "address": "0o9i8u, Street, West Coast - 24-Mar-2024_15-01-05-369",
    "types": "Grocery,Snack,Beverages",
    "website": "www.google.com",
    "language": "Spanish"
}
HTTP/1.1 200 OK
Date: Sun, 24 Mar 2024 09:31:08 GMT
Server: Apache/2.4.52 (Ubuntu)
Access-Control-Allow-Origin: *
Access-Control-Allow-Methods: POST
Access-Control-Max-Age: 3600
Access-Control-Allow-Headers: Content-Type, Access-Control-Allow-Headers, Authorization, X-Requested-With
Content-Length: 15
Keep-Alive: timeout=5, max=100
Connection: Keep-Alive
Content-Type: application/json;charset=UTF-8

{
    "status": "OK"
}
