HTTP/1.1 200 OK
Date: Sun, 24 Mar 2024 15:18:09 GMT
Server: Apache/2.4.52 (Ubuntu)
Access-Control-Allow-Origin: *
Access-Control-Allow-Methods: POST
Access-Control-Max-Age: 3600
Access-Control-Allow-Headers: Content-Type, Access-Control-Allow-Headers, Authorization, X-Requested-With
Content-Length: 194
Keep-Alive: timeout=5, max=100
Connection: Keep-Alive
Content-Type: application/json;charset=UTF-8

{
    "status": "OK",
    "place_id": "d049700f1db00c983dc12061a757d5f2",
    "scope": "APP",
    "reference": "80cfd36c4e29f041440d2544452709c380cfd36c4e29f041440d2544452709c3",
    "id": "80cfd36c4e29f041440d2544452709c3"
}
HTTP/1.1 200 OK
Date: Sun, 24 Mar 2024 15:18:10 GMT
Server: Apache/2.4.52 (Ubuntu)
Access-Control-Allow-Origin: *
Access-Control-Allow-Methods: POST
Access-Control-Max-Age: 3600
Access-Control-Allow-Headers: Content-Type, Access-Control-Allow-Headers, Authorization, X-Requested-With
Content-Length: 281
Keep-Alive: timeout=5, max=100
Connection: Keep-Alive
Content-Type: application/json;charset=UTF-8

{
    "location": {
        "latitude": "32.98977",
        "longitude": "-32.98977"
    },
    "accuracy": "50",
    "name": "Megha Resort - Add",
    "phone_number": "+965 123123",
    "address": "0o9i8u, Street, West Coast - 24-Mar-2024_20-48-09-930",
    "types": "Grocery,Snack,Beverages",
    "website": "www.google.com",
    "language": "Spanish"
}
HTTP/1.1 200 OK
Date: Sun, 24 Mar 2024 15:18:12 GMT
Server: Apache/2.4.52 (Ubuntu)
Access-Control-Allow-Origin: *
Access-Control-Allow-Methods: POST
Access-Control-Max-Age: 3600
Access-Control-Allow-Headers: Content-Type, Access-Control-Allow-Headers, Authorization, X-Requested-With
Content-Length: 15
Keep-Alive: timeout=5, max=100
Connection: Keep-Alive
Content-Type: application/json;charset=UTF-8

{
    "status": "OK"
}
