HTTP/1.1 200 OK
Date: Sat, 23 Dec 2023 13:24:56 GMT
Server: Apache/2.4.52 (Ubuntu)
Access-Control-Allow-Origin: *
Access-Control-Allow-Methods: POST
Access-Control-Max-Age: 3600
Access-Control-Allow-Headers: Content-Type, Access-Control-Allow-Headers, Authorization, X-Requested-With
Content-Length: 194
Keep-Alive: timeout=5, max=100
Connection: Keep-Alive
Content-Type: application/json;charset=UTF-8

{
    "status": "OK",
    "place_id": "e37f8aba87850318c9326daea03a0c91",
    "scope": "APP",
    "reference": "ace3a9778e8ef0d88a1fefd6a11434e7ace3a9778e8ef0d88a1fefd6a11434e7",
    "id": "ace3a9778e8ef0d88a1fefd6a11434e7"
}
HTTP/1.1 404 Not Found
Date: Sat, 23 Dec 2023 13:24:57 GMT
Server: Apache/2.4.52 (Ubuntu)
Access-Control-Allow-Origin: *
Access-Control-Allow-Methods: POST
Access-Control-Max-Age: 3600
Access-Control-Allow-Headers: Content-Type, Access-Control-Allow-Headers, Authorization, X-Requested-With
Content-Length: 67
Keep-Alive: timeout=5, max=100
Connection: Keep-Alive
Content-Type: application/json;charset=UTF-8

{
    "msg": "Get operation failed, looks like place_id  doesn't exists"
}
