HTTP/1.1 200 OK
Date: Sun, 24 Mar 2024 09:28:22 GMT
Server: Apache/2.4.52 (Ubuntu)
Access-Control-Allow-Origin: *
Access-Control-Allow-Methods: POST
Access-Control-Max-Age: 3600
Access-Control-Allow-Headers: Content-Type, Access-Control-Allow-Headers, Authorization, X-Requested-With
Content-Length: 194
Keep-Alive: timeout=5, max=100
Connection: Keep-Alive
Content-Type: application/json;charset=UTF-8

{
    "status": "OK",
    "place_id": "9df804931948df2d63470e0fd8d3941d",
    "scope": "APP",
    "reference": "bf6754e7eb9cd067fdce2b992c0c3302bf6754e7eb9cd067fdce2b992c0c3302",
    "id": "bf6754e7eb9cd067fdce2b992c0c3302"
}
HTTP/1.1 200 OK
Date: Sun, 24 Mar 2024 09:28:23 GMT
Server: Apache/2.4.52 (Ubuntu)
Access-Control-Allow-Origin: *
Access-Control-Allow-Methods: POST
Access-Control-Max-Age: 3600
Access-Control-Allow-Headers: Content-Type, Access-Control-Allow-Headers, Authorization, X-Requested-With
Content-Length: 272
Keep-Alive: timeout=5, max=100
Connection: Keep-Alive
Content-Type: application/json;charset=UTF-8

{
    "location": {
        "latitude": "32.98977",
        "longitude": "-32.98977"
    },
    "accuracy": "50",
    "name": "IICC - Add",
    "phone_number": "+965 123123",
    "address": "7y6t5r, Street, West Coast - 24-Mar-2024_14-58-22-541",
    "types": "Grocery,Snack,Beverages",
    "website": "www.google.com",
    "language": "French"
}
HTTP/1.1 200 OK
Date: Sun, 24 Mar 2024 09:28:25 GMT
Server: Apache/2.4.52 (Ubuntu)
Access-Control-Allow-Origin: *
Access-Control-Allow-Methods: POST
Access-Control-Max-Age: 3600
Access-Control-Allow-Headers: Content-Type, Access-Control-Allow-Headers, Authorization, X-Requested-With
Content-Length: 15
Keep-Alive: timeout=5, max=100
Connection: Keep-Alive
Content-Type: application/json;charset=UTF-8

{
    "status": "OK"
}
