HTTP/1.1 200 OK
Date: Sun, 24 Mar 2024 15:16:27 GMT
Server: Apache/2.4.52 (Ubuntu)
Access-Control-Allow-Origin: *
Access-Control-Allow-Methods: POST
Access-Control-Max-Age: 3600
Access-Control-Allow-Headers: Content-Type, Access-Control-Allow-Headers, Authorization, X-Requested-With
Content-Length: 194
Keep-Alive: timeout=5, max=100
Connection: Keep-Alive
Content-Type: application/json;charset=UTF-8

{
    "status": "OK",
    "place_id": "9290e9aa980850b0c5b26cb4e63becaa",
    "scope": "APP",
    "reference": "e0e167191b9ac4cb3ecccf010e90de42e0e167191b9ac4cb3ecccf010e90de42",
    "id": "e0e167191b9ac4cb3ecccf010e90de42"
}
HTTP/1.1 200 OK
Date: Sun, 24 Mar 2024 15:16:28 GMT
Server: Apache/2.4.52 (Ubuntu)
Access-Control-Allow-Origin: *
Access-Control-Allow-Methods: POST
Access-Control-Max-Age: 3600
Access-Control-Allow-Headers: Content-Type, Access-Control-Allow-Headers, Authorization, X-Requested-With
Content-Length: 279
Keep-Alive: timeout=5, max=100
Connection: Keep-Alive
Content-Type: application/json;charset=UTF-8

{
    "location": {
        "latitude": "32.98977",
        "longitude": "-32.98977"
    },
    "accuracy": "50",
    "name": "Puma Shoes - Add",
    "phone_number": "+965 123123",
    "address": "1q8u5r, Street, West Coast - 24-Mar-2024_20-46-26-877",
    "types": "Grocery,Snack,Beverages",
    "website": "www.google.com",
    "language": "Punjabi"
}
HTTP/1.1 200 OK
Date: Sun, 24 Mar 2024 15:16:30 GMT
Server: Apache/2.4.52 (Ubuntu)
Access-Control-Allow-Origin: *
Access-Control-Allow-Methods: POST
Access-Control-Max-Age: 3600
Access-Control-Allow-Headers: Content-Type, Access-Control-Allow-Headers, Authorization, X-Requested-With
Content-Length: 15
Keep-Alive: timeout=5, max=100
Connection: Keep-Alive
Content-Type: application/json;charset=UTF-8

{
    "status": "OK"
}
