HTTP/1.1 200 OK
Date: Sun, 24 Mar 2024 09:28:18 GMT
Server: Apache/2.4.52 (Ubuntu)
Access-Control-Allow-Origin: *
Access-Control-Allow-Methods: POST
Access-Control-Max-Age: 3600
Access-Control-Allow-Headers: Content-Type, Access-Control-Allow-Headers, Authorization, X-Requested-With
Content-Length: 194
Keep-Alive: timeout=5, max=100
Connection: Keep-Alive
Content-Type: application/json;charset=UTF-8

{
    "status": "OK",
    "place_id": "08339b4c27e719acb44ab349aa521a03",
    "scope": "APP",
    "reference": "1df4df45772783532045260b1bf9264e1df4df45772783532045260b1bf9264e",
    "id": "1df4df45772783532045260b1bf9264e"
}
HTTP/1.1 200 OK
Date: Sun, 24 Mar 2024 09:28:19 GMT
Server: Apache/2.4.52 (Ubuntu)
Access-Control-Allow-Origin: *
Access-Control-Allow-Methods: POST
Access-Control-Max-Age: 3600
Access-Control-Allow-Headers: Content-Type, Access-Control-Allow-Headers, Authorization, X-Requested-With
Content-Length: 278
Keep-Alive: timeout=5, max=100
Connection: Keep-Alive
Content-Type: application/json;charset=UTF-8

{
    "location": {
        "latitude": "32.98977",
        "longitude": "-32.98977"
    },
    "accuracy": "50",
    "name": "Sai Nilayam - Add",
    "phone_number": "+965 123123",
    "address": "8u7y6t, Street, West Coast - 24-Mar-2024_14-58-18-659",
    "types": "Grocery,Snack,Beverages",
    "website": "www.google.com",
    "language": "Hindi"
}
HTTP/1.1 200 OK
Date: Sun, 24 Mar 2024 09:28:20 GMT
Server: Apache/2.4.52 (Ubuntu)
Access-Control-Allow-Origin: *
Access-Control-Allow-Methods: POST
Access-Control-Max-Age: 3600
Access-Control-Allow-Headers: Content-Type, Access-Control-Allow-Headers, Authorization, X-Requested-With
Content-Length: 15
Keep-Alive: timeout=5, max=100
Connection: Keep-Alive
Content-Type: application/json;charset=UTF-8

{
    "status": "OK"
}
