HTTP/1.1 200 OK
Date: Sun, 24 Mar 2024 09:28:42 GMT
Server: Apache/2.4.52 (Ubuntu)
Access-Control-Allow-Origin: *
Access-Control-Allow-Methods: POST
Access-Control-Max-Age: 3600
Access-Control-Allow-Headers: Content-Type, Access-Control-Allow-Headers, Authorization, X-Requested-With
Content-Length: 194
Keep-Alive: timeout=5, max=100
Connection: Keep-Alive
Content-Type: application/json;charset=UTF-8

{
    "status": "OK",
    "place_id": "e2387460278ac8bd2f670e9893106ba2",
    "scope": "APP",
    "reference": "b184a209b86dc146d64b3d18546a3804b184a209b86dc146d64b3d18546a3804",
    "id": "b184a209b86dc146d64b3d18546a3804"
}
HTTP/1.1 200 OK
Date: Sun, 24 Mar 2024 09:28:43 GMT
Server: Apache/2.4.52 (Ubuntu)
Access-Control-Allow-Origin: *
Access-Control-Allow-Methods: POST
Access-Control-Max-Age: 3600
Access-Control-Allow-Headers: Content-Type, Access-Control-Allow-Headers, Authorization, X-Requested-With
Content-Length: 282
Keep-Alive: timeout=5, max=100
Connection: Keep-Alive
Content-Type: application/json;charset=UTF-8

{
    "location": {
        "latitude": "32.98977",
        "longitude": "-32.98977"
    },
    "accuracy": "50",
    "name": "Shopers Stop - Add",
    "phone_number": "+965 123123",
    "address": "6t8u0o, Street, West Coast - 24-Mar-2024_14-58-42-791",
    "types": "Grocery,Snack,Beverages",
    "website": "www.google.com",
    "language": "Sanskrit"
}
HTTP/1.1 200 OK
Date: Sun, 24 Mar 2024 09:28:44 GMT
Server: Apache/2.4.52 (Ubuntu)
Access-Control-Allow-Origin: *
Access-Control-Allow-Methods: POST
Access-Control-Max-Age: 3600
Access-Control-Allow-Headers: Content-Type, Access-Control-Allow-Headers, Authorization, X-Requested-With
Content-Length: 15
Keep-Alive: timeout=5, max=100
Connection: Keep-Alive
Content-Type: application/json;charset=UTF-8

{
    "status": "OK"
}
