HTTP/1.1 200 OK
Date: Sun, 24 Mar 2024 09:28:35 GMT
Server: Apache/2.4.52 (Ubuntu)
Access-Control-Allow-Origin: *
Access-Control-Allow-Methods: POST
Access-Control-Max-Age: 3600
Access-Control-Allow-Headers: Content-Type, Access-Control-Allow-Headers, Authorization, X-Requested-With
Content-Length: 194
Keep-Alive: timeout=5, max=100
Connection: Keep-Alive
Content-Type: application/json;charset=UTF-8

{
    "status": "OK",
    "place_id": "d91dd87eb19dbc4c85f2cb5999137da8",
    "scope": "APP",
    "reference": "5a218c443d46f164c8703a81554e6a3c5a218c443d46f164c8703a81554e6a3c",
    "id": "5a218c443d46f164c8703a81554e6a3c"
}
HTTP/1.1 200 OK
Date: Sun, 24 Mar 2024 09:28:35 GMT
Server: Apache/2.4.52 (Ubuntu)
Access-Control-Allow-Origin: *
Access-Control-Allow-Methods: POST
Access-Control-Max-Age: 3600
Access-Control-Allow-Headers: Content-Type, Access-Control-Allow-Headers, Authorization, X-Requested-With
Content-Length: 279
Keep-Alive: timeout=5, max=100
Connection: Keep-Alive
Content-Type: application/json;charset=UTF-8

{
    "location": {
        "latitude": "32.98977",
        "longitude": "-32.98977"
    },
    "accuracy": "50",
    "name": "Puma Shoes - Add",
    "phone_number": "+965 123123",
    "address": "1q8u5r, Street, West Coast - 24-Mar-2024_14-58-35-317",
    "types": "Grocery,Snack,Beverages",
    "website": "www.google.com",
    "language": "Punjabi"
}
HTTP/1.1 200 OK
Date: Sun, 24 Mar 2024 09:28:37 GMT
Server: Apache/2.4.52 (Ubuntu)
Access-Control-Allow-Origin: *
Access-Control-Allow-Methods: POST
Access-Control-Max-Age: 3600
Access-Control-Allow-Headers: Content-Type, Access-Control-Allow-Headers, Authorization, X-Requested-With
Content-Length: 15
Keep-Alive: timeout=5, max=100
Connection: Keep-Alive
Content-Type: application/json;charset=UTF-8

{
    "status": "OK"
}
