HTTP/1.1 200 OK
Date: Sun, 24 Mar 2024 09:31:09 GMT
Server: Apache/2.4.52 (Ubuntu)
Access-Control-Allow-Origin: *
Access-Control-Allow-Methods: POST
Access-Control-Max-Age: 3600
Access-Control-Allow-Headers: Content-Type, Access-Control-Allow-Headers, Authorization, X-Requested-With
Content-Length: 194
Keep-Alive: timeout=5, max=100
Connection: Keep-Alive
Content-Type: application/json;charset=UTF-8

{
    "status": "OK",
    "place_id": "a7229b4fcd95679b633e5b1327ea5675",
    "scope": "APP",
    "reference": "83bce772af8053f027a7bbeb47abd18c83bce772af8053f027a7bbeb47abd18c",
    "id": "83bce772af8053f027a7bbeb47abd18c"
}
HTTP/1.1 200 OK
Date: Sun, 24 Mar 2024 09:31:10 GMT
Server: Apache/2.4.52 (Ubuntu)
Access-Control-Allow-Origin: *
Access-Control-Allow-Methods: POST
Access-Control-Max-Age: 3600
Access-Control-Allow-Headers: Content-Type, Access-Control-Allow-Headers, Authorization, X-Requested-With
Content-Length: 278
Keep-Alive: timeout=5, max=100
Connection: Keep-Alive
Content-Type: application/json;charset=UTF-8

{
    "location": {
        "latitude": "32.98977",
        "longitude": "-32.98977"
    },
    "accuracy": "50",
    "name": "Sai Nilayam - Add",
    "phone_number": "+965 123123",
    "address": "8u7y6t, Street, West Coast - 24-Mar-2024_15-01-09-668",
    "types": "Grocery,Snack,Beverages",
    "website": "www.google.com",
    "language": "Hindi"
}
HTTP/1.1 200 OK
Date: Sun, 24 Mar 2024 09:31:13 GMT
Server: Apache/2.4.52 (Ubuntu)
Access-Control-Allow-Origin: *
Access-Control-Allow-Methods: POST
Access-Control-Max-Age: 3600
Access-Control-Allow-Headers: Content-Type, Access-Control-Allow-Headers, Authorization, X-Requested-With
Content-Length: 15
Keep-Alive: timeout=5, max=100
Connection: Keep-Alive
Content-Type: application/json;charset=UTF-8

{
    "status": "OK"
}
