HTTP/1.1 200 OK
Date: Fri, 22 Dec 2023 20:04:58 GMT
Server: Apache/2.4.52 (Ubuntu)
Access-Control-Allow-Origin: *
Access-Control-Allow-Methods: POST
Access-Control-Max-Age: 3600
Access-Control-Allow-Headers: Content-Type, Access-Control-Allow-Headers, Authorization, X-Requested-With
Content-Length: 194
Keep-Alive: timeout=5, max=100
Connection: Keep-Alive
Content-Type: application/json;charset=UTF-8

{
    "status": "OK",
    "place_id": "5fe1af713eadda61e0114073f7bf5d36",
    "scope": "APP",
    "reference": "e999ab851261b766038ebc3b80054a69e999ab851261b766038ebc3b80054a69",
    "id": "e999ab851261b766038ebc3b80054a69"
}
HTTP/1.1 200 OK
Date: Fri, 22 Dec 2023 20:04:58 GMT
Server: Apache/2.4.52 (Ubuntu)
Access-Control-Allow-Origin: *
Access-Control-Allow-Methods: POST
Access-Control-Max-Age: 3600
Access-Control-Allow-Headers: Content-Type, Access-Control-Allow-Headers, Authorization, X-Requested-With
Content-Length: 0
Keep-Alive: timeout=5, max=100
Connection: Keep-Alive
Content-Type: application/json; charset=UTF-8
