HTTP/1.1 200 OK
Date: Sun, 24 Mar 2024 09:24:00 GMT
Server: Apache/2.4.52 (Ubuntu)
Access-Control-Allow-Origin: *
Access-Control-Allow-Methods: POST
Access-Control-Max-Age: 3600
Access-Control-Allow-Headers: Content-Type, Access-Control-Allow-Headers, Authorization, X-Requested-With
Content-Length: 194
Keep-Alive: timeout=5, max=100
Connection: Keep-Alive
Content-Type: application/json;charset=UTF-8

{
    "status": "OK",
    "place_id": "50f65062bc2bf822478307e27316df86",
    "scope": "APP",
    "reference": "f6aeb27fb7e9f2226dbe7527c11632ddf6aeb27fb7e9f2226dbe7527c11632dd",
    "id": "f6aeb27fb7e9f2226dbe7527c11632dd"
}
HTTP/1.1 200 OK
Date: Sun, 24 Mar 2024 09:24:00 GMT
Server: Apache/2.4.52 (Ubuntu)
Access-Control-Allow-Origin: *
Access-Control-Allow-Methods: POST
Access-Control-Max-Age: 3600
Access-Control-Allow-Headers: Content-Type, Access-Control-Allow-Headers, Authorization, X-Requested-With
Content-Length: 281
Keep-Alive: timeout=5, max=100
Connection: Keep-Alive
Content-Type: application/json;charset=UTF-8

{
    "location": {
        "latitude": "32.98977",
        "longitude": "-32.98977"
    },
    "accuracy": "50",
    "name": "Megha Resort - Add",
    "phone_number": "+965 123123",
    "address": "0o9i8u, Street, West Coast - 24-Mar-2024_14-53-59-792",
    "types": "Grocery,Snack,Beverages",
    "website": "www.google.com",
    "language": "Spanish"
}
HTTP/1.1 200 OK
Date: Sun, 24 Mar 2024 09:24:02 GMT
Server: Apache/2.4.52 (Ubuntu)
Access-Control-Allow-Origin: *
Access-Control-Allow-Methods: POST
Access-Control-Max-Age: 3600
Access-Control-Allow-Headers: Content-Type, Access-Control-Allow-Headers, Authorization, X-Requested-With
Content-Length: 15
Keep-Alive: timeout=5, max=100
Connection: Keep-Alive
Content-Type: application/json;charset=UTF-8

{
    "status": "OK"
}
