HTTP/1.1 200 OK
Date: Sun, 24 Mar 2024 15:16:21 GMT
Server: Apache/2.4.52 (Ubuntu)
Access-Control-Allow-Origin: *
Access-Control-Allow-Methods: POST
Access-Control-Max-Age: 3600
Access-Control-Allow-Headers: Content-Type, Access-Control-Allow-Headers, Authorization, X-Requested-With
Content-Length: 194
Keep-Alive: timeout=5, max=100
Connection: Keep-Alive
Content-Type: application/json;charset=UTF-8

{
    "status": "OK",
    "place_id": "585081b30ec78ba558cf3b248842172f",
    "scope": "APP",
    "reference": "e3e1b2cc21096ca5192e34b228745fc3e3e1b2cc21096ca5192e34b228745fc3",
    "id": "e3e1b2cc21096ca5192e34b228745fc3"
}
HTTP/1.1 200 OK
Date: Sun, 24 Mar 2024 15:16:23 GMT
Server: Apache/2.4.52 (Ubuntu)
Access-Control-Allow-Origin: *
Access-Control-Allow-Methods: POST
Access-Control-Max-Age: 3600
Access-Control-Allow-Headers: Content-Type, Access-Control-Allow-Headers, Authorization, X-Requested-With
Content-Length: 284
Keep-Alive: timeout=5, max=100
Connection: Keep-Alive
Content-Type: application/json;charset=UTF-8

{
    "location": {
        "latitude": "32.98977",
        "longitude": "-32.98977"
    },
    "accuracy": "50",
    "name": "Karachi Bakery - Add",
    "phone_number": "+965 123123",
    "address": "9i1q8u, Street, West Coast - 24-Mar-2024_20-46-20-710",
    "types": "Grocery,Snack,Beverages",
    "website": "www.google.com",
    "language": "Sanskrit"
}
HTTP/1.1 200 OK
Date: Sun, 24 Mar 2024 15:16:24 GMT
Server: Apache/2.4.52 (Ubuntu)
Access-Control-Allow-Origin: *
Access-Control-Allow-Methods: POST
Access-Control-Max-Age: 3600
Access-Control-Allow-Headers: Content-Type, Access-Control-Allow-Headers, Authorization, X-Requested-With
Content-Length: 15
Keep-Alive: timeout=5, max=100
Connection: Keep-Alive
Content-Type: application/json;charset=UTF-8

{
    "status": "OK"
}
