HTTP/1.1 200 OK
Date: Sun, 24 Mar 2024 09:28:26 GMT
Server: Apache/2.4.52 (Ubuntu)
Access-Control-Allow-Origin: *
Access-Control-Allow-Methods: POST
Access-Control-Max-Age: 3600
Access-Control-Allow-Headers: Content-Type, Access-Control-Allow-Headers, Authorization, X-Requested-With
Content-Length: 194
Keep-Alive: timeout=5, max=100
Connection: Keep-Alive
Content-Type: application/json;charset=UTF-8

{
    "status": "OK",
    "place_id": "32c3ca2e1b848a869c565cc11c8fb736",
    "scope": "APP",
    "reference": "93810e38504f37c36e4033b2473c1e4a93810e38504f37c36e4033b2473c1e4a",
    "id": "93810e38504f37c36e4033b2473c1e4a"
}
HTTP/1.1 200 OK
Date: Sun, 24 Mar 2024 09:28:27 GMT
Server: Apache/2.4.52 (Ubuntu)
Access-Control-Allow-Origin: *
Access-Control-Allow-Methods: POST
Access-Control-Max-Age: 3600
Access-Control-Allow-Headers: Content-Type, Access-Control-Allow-Headers, Authorization, X-Requested-With
Content-Length: 279
Keep-Alive: timeout=5, max=100
Connection: Keep-Alive
Content-Type: application/json;charset=UTF-8

{
    "location": {
        "latitude": "32.98977",
        "longitude": "-32.98977"
    },
    "accuracy": "50",
    "name": "Eclipse Hall - Add",
    "phone_number": "+965 123123",
    "address": "0o6t3w, Street, West Coast - 24-Mar-2024_14-58-26-741",
    "types": "Grocery,Snack,Beverages",
    "website": "www.google.com",
    "language": "Hindi"
}
HTTP/1.1 200 OK
Date: Sun, 24 Mar 2024 09:28:29 GMT
Server: Apache/2.4.52 (Ubuntu)
Access-Control-Allow-Origin: *
Access-Control-Allow-Methods: POST
Access-Control-Max-Age: 3600
Access-Control-Allow-Headers: Content-Type, Access-Control-Allow-Headers, Authorization, X-Requested-With
Content-Length: 15
Keep-Alive: timeout=5, max=100
Connection: Keep-Alive
Content-Type: application/json;charset=UTF-8

{
    "status": "OK"
}
