HTTP/1.1 200 OK
Date: Fri, 22 Dec 2023 20:18:00 GMT
Server: Apache/2.4.52 (Ubuntu)
Access-Control-Allow-Origin: *
Access-Control-Allow-Methods: POST
Access-Control-Max-Age: 3600
Access-Control-Allow-Headers: Content-Type, Access-Control-Allow-Headers, Authorization, X-Requested-With
Content-Length: 194
Keep-Alive: timeout=5, max=100
Connection: Keep-Alive
Content-Type: application/json;charset=UTF-8

{
    "status": "OK",
    "place_id": "a88e2a33f701632b1ed476097d9d42ce",
    "scope": "APP",
    "reference": "8f89f5b3091039ed5fb433f4fdad2a2a8f89f5b3091039ed5fb433f4fdad2a2a",
    "id": "8f89f5b3091039ed5fb433f4fdad2a2a"
}
HTTP/1.1 200 OK
Date: Fri, 22 Dec 2023 20:18:00 GMT
Server: Apache/2.4.52 (Ubuntu)
Access-Control-Allow-Origin: *
Access-Control-Allow-Methods: POST
Access-Control-Max-Age: 3600
Access-Control-Allow-Headers: Content-Type, Access-Control-Allow-Headers, Authorization, X-Requested-With
Content-Length: 0
Keep-Alive: timeout=5, max=100
Connection: Keep-Alive
Content-Type: application/json; charset=UTF-8
