HTTP/1.1 200 OK
Date: Fri, 22 Dec 2023 20:16:16 GMT
Server: Apache/2.4.52 (Ubuntu)
Access-Control-Allow-Origin: *
Access-Control-Allow-Methods: POST
Access-Control-Max-Age: 3600
Access-Control-Allow-Headers: Content-Type, Access-Control-Allow-Headers, Authorization, X-Requested-With
Content-Length: 194
Keep-Alive: timeout=5, max=100
Connection: Keep-Alive
Content-Type: application/json;charset=UTF-8

{
    "status": "OK",
    "place_id": "1de55ccafac6d8bc5d598db225b9672d",
    "scope": "APP",
    "reference": "aed884716504dc9ce8411337461eab38aed884716504dc9ce8411337461eab38",
    "id": "aed884716504dc9ce8411337461eab38"
}
HTTP/1.1 200 OK
Date: Fri, 22 Dec 2023 20:16:16 GMT
Server: Apache/2.4.52 (Ubuntu)
Access-Control-Allow-Origin: *
Access-Control-Allow-Methods: POST
Access-Control-Max-Age: 3600
Access-Control-Allow-Headers: Content-Type, Access-Control-Allow-Headers, Authorization, X-Requested-With
Content-Length: 0
Keep-Alive: timeout=5, max=100
Connection: Keep-Alive
Content-Type: application/json; charset=UTF-8
