HTTP/1.1 200 OK
Date: Sun, 24 Mar 2024 15:20:20 GMT
Server: Apache/2.4.52 (Ubuntu)
Cross-Origin-Embedder-Policy: require-corp
Cross-Origin-Opener-Policy: same-origin
Cross-Origin-Resource-Policy: same-origin
X-DNS-Prefetch-Control: off
Expect-CT: max-age=0
X-Frame-Options: SAMEORIGIN
Strict-Transport-Security: max-age=15552000; includeSubDomains
X-Download-Options: noopen
X-Content-Type-Options: nosniff
Origin-Agent-Cluster: ?1
X-Permitted-Cross-Domain-Policies: none
Referrer-Policy: no-referrer
X-XSS-Protection: 0
Content-Type: application/json; charset=utf-8
Content-Length: 629
ETag: W/"275-RDbwI1s6WH2ZQ2MlodLMxqUNtXg"
Keep-Alive: timeout=5, max=100
Connection: Keep-Alive

{
    "data": {
        "character": {
            "name": "Aladdin & Jasmine",
            "gender": "Female",
            "id": 4545,
            "status": "Hold"
        },
        "location": {
            "name": "Ajarbaijan-1",
            "dimension": "602"
        },
        "episode": {
            "name": "New Alddin and Jasmine S01E01",
            "air_date": "27122023-1",
            "episode": "Netflix"
        },
        "characters": {
            "info": {
                "count": 1
            },
            "result": [
                {
                    "id": 4535,
                    "name": "Aladdin",
                    "type": "Fiction",
                    "status": "Inactive",
                    "species": "human"
                }
            ]
        },
        "episodes": {
            "info": {
                "count": 2
            },
            "result": [
                {
                    "id": 872,
                    "name": "tom and jerry",
                    "air_date": "abc",
                    "episode": "hulu",
                    "created": "2023-07-20T15:11:08.197Z"
                },
                {
                    "id": 2253,
                    "name": "tom and jerry",
                    "air_date": "abc",
                    "episode": "Cartone",
                    "created": "2023-11-08T09:22:40.417Z"
                }
            ]
        }
    }
}
