[INFO ] 2023-12-22 01:04:57.667 [main] ffrfrf - Hell yeah!
[INFO ] 2023-12-22 01:22:36.564 [main] StepDefinition - Setting up payload
[INFO ] 2023-12-22 01:24:25.753 [main] StepDefinition - Setting up payload
[INFO ] 2023-12-22 01:24:26.952 [main] StepDefinition - Capturing response
[INFO ] 2023-12-22 01:24:28.219 [main] StepDefinition - Validating if API Call status is OK
[INFO ] 2023-12-22 01:24:28.223 [main] StepDefinition - Validating response body value
[INFO ] 2023-12-22 01:24:28.638 [main] StepDefinition - 

Place ID: f372e949f7b1d12ca1e5c756816ed21a
[INFO ] 2023-12-22 01:24:28.639 [main] StepDefinition - Validating response body value
[INFO ] 2023-12-22 01:24:28.657 [main] StepDefinition - 

Place ID: f372e949f7b1d12ca1e5c756816ed21a
[INFO ] 2023-12-22 01:27:04.585 [main] StepDefinition - Setting up payload
[INFO ] 2023-12-22 01:27:05.570 [main] StepDefinition - Capturing response
[INFO ] 2023-12-22 01:27:06.656 [main] StepDefinition - Validating if API Call status is OK
[INFO ] 2023-12-22 01:27:06.657 [main] StepDefinition - Response Body: {"status":"OK","place_id":"d4fbbbe9d3c14e02a245c42653457ca7","scope":"APP","reference":"5838269c988a801583e0f8b78c70b1a65838269c988a801583e0f8b78c70b1a6","id":"5838269c988a801583e0f8b78c70b1a6"}
[INFO ] 2023-12-22 01:27:06.658 [main] StepDefinition - Validating response body value
[INFO ] 2023-12-22 01:27:06.990 [main] StepDefinition - 

Place ID: d4fbbbe9d3c14e02a245c42653457ca7
[INFO ] 2023-12-22 01:27:06.991 [main] StepDefinition - Validating response body value
[INFO ] 2023-12-22 01:27:07.010 [main] StepDefinition - 

Place ID: d4fbbbe9d3c14e02a245c42653457ca7
[INFO ] 2023-12-22 01:54:27.890 [main] StepDefinition - Setting up Pay Load
[INFO ] 2023-12-22 01:54:28.805 [main] StepDefinition - Capturing response
[INFO ] 2023-12-22 01:54:29.900 [main] StepDefinition - Validating if API Call status is OK
[INFO ] 2023-12-22 01:54:29.903 [main] StepDefinition - Response Body: {"status":"OK","place_id":"6211df7a612f4005561c3b172c60177c","scope":"APP","reference":"3a9cf5f99bc86fdd9319269c2c9f58d43a9cf5f99bc86fdd9319269c2c9f58d4","id":"3a9cf5f99bc86fdd9319269c2c9f58d4"}
[INFO ] 2023-12-22 01:54:29.904 [main] StepDefinition - Validating response body value
[INFO ] 2023-12-22 01:54:30.246 [main] StepDefinition - 

Place ID: 6211df7a612f4005561c3b172c60177c
[INFO ] 2023-12-22 01:54:30.247 [main] StepDefinition - Validating response body value
[INFO ] 2023-12-22 01:54:30.269 [main] StepDefinition - 

Place ID: 6211df7a612f4005561c3b172c60177c
[INFO ] 2023-12-22 01:56:23.962 [main] StepDefinition - Setting up Pay Load
[INFO ] 2023-12-22 01:56:24.969 [main] StepDefinition - Capturing response
[INFO ] 2023-12-22 01:56:26.063 [main] StepDefinition - Validating if API Call status is OK
[INFO ] 2023-12-22 01:56:26.065 [main] StepDefinition - Response Body: {"status":"OK","place_id":"058bce76d7e4cf4d74e59dafc8f7b8bd","scope":"APP","reference":"0b961b9a0d70c53957f3f8ba520dc81a0b961b9a0d70c53957f3f8ba520dc81a","id":"0b961b9a0d70c53957f3f8ba520dc81a"}
[INFO ] 2023-12-22 01:56:26.066 [main] StepDefinition - Validating response body value
[INFO ] 2023-12-22 01:56:26.415 [main] StepDefinition - Place ID: 058bce76d7e4cf4d74e59dafc8f7b8bd
[INFO ] 2023-12-22 01:56:26.416 [main] StepDefinition - Validating response body value
[INFO ] 2023-12-22 01:56:26.437 [main] StepDefinition - Place ID: 058bce76d7e4cf4d74e59dafc8f7b8bd
[INFO ] 2023-12-22 02:01:17.152 [main] StepDefinition - Setting up Pay Load
[INFO ] 2023-12-22 02:01:22.796 [main] StepDefinition - Setting up Pay Load
[INFO ] 2023-12-22 02:03:31.014 [main] StepDefinition - Setting up Pay Load
[INFO ] 2023-12-22 02:03:32.017 [main] StepDefinition - Capturing response
[INFO ] 2023-12-22 02:03:33.015 [main] StepDefinition - Validating if API Call status is OK
[INFO ] 2023-12-22 02:03:33.017 [main] StepDefinition - Response Body: {"status":"OK","place_id":"5a25e6d0abc838f75548b12920474117","scope":"APP","reference":"df5e24d219a5bd201efe21e4a3bbea76df5e24d219a5bd201efe21e4a3bbea76","id":"df5e24d219a5bd201efe21e4a3bbea76"}
[INFO ] 2023-12-22 02:03:33.018 [main] StepDefinition - Validating response body value
[INFO ] 2023-12-22 02:03:33.332 [main] StepDefinition - Place ID: 5a25e6d0abc838f75548b12920474117
[INFO ] 2023-12-22 02:03:33.332 [main] StepDefinition - Validating response body value
[INFO ] 2023-12-22 02:03:33.350 [main] StepDefinition - Place ID: 5a25e6d0abc838f75548b12920474117
[INFO ] 2023-12-22 02:04:02.445 [main] StepDefinition - Setting up Pay Load
[INFO ] 2023-12-22 02:04:03.396 [main] StepDefinition - Capturing response
[INFO ] 2023-12-22 02:04:04.361 [main] StepDefinition - Validating if API Call status is OK
[INFO ] 2023-12-22 02:04:04.363 [main] StepDefinition - Response Body: {"status":"OK","place_id":"89f88b339478a1fa98aa973ffade625c","scope":"APP","reference":"116a545635f2e0e04f117bb1bcb07637116a545635f2e0e04f117bb1bcb07637","id":"116a545635f2e0e04f117bb1bcb07637"}
[INFO ] 2023-12-22 02:04:04.364 [main] StepDefinition - Validating response body value
[INFO ] 2023-12-22 02:04:04.681 [main] StepDefinition - Place ID: 89f88b339478a1fa98aa973ffade625c
[INFO ] 2023-12-22 02:04:04.682 [main] StepDefinition - Validating response body value
[INFO ] 2023-12-22 02:04:04.696 [main] StepDefinition - Place ID: 89f88b339478a1fa98aa973ffade625c
[INFO ] 2023-12-22 02:06:58.085 [main] StepDefinition - Setting up Pay Load
[INFO ] 2023-12-22 02:06:59.128 [main] StepDefinition - Capturing response
[INFO ] 2023-12-22 02:07:00.411 [main] StepDefinition - Validating if API Call status is OK
[INFO ] 2023-12-22 02:07:00.413 [main] StepDefinition - Response Body: {"status":"OK","place_id":"6c241ef82efdbaecb13d76e5a2b7191a","scope":"APP","reference":"abd8340b08865811a1f7b05a4d6a1fa8abd8340b08865811a1f7b05a4d6a1fa8","id":"abd8340b08865811a1f7b05a4d6a1fa8"}
[INFO ] 2023-12-22 02:07:00.414 [main] StepDefinition - Validating response body value
[INFO ] 2023-12-22 02:07:00.794 [main] StepDefinition - Place ID: 6c241ef82efdbaecb13d76e5a2b7191a
[INFO ] 2023-12-22 02:07:00.794 [main] StepDefinition - Validating response body value
[INFO ] 2023-12-22 02:07:00.816 [main] StepDefinition - Place ID: 6c241ef82efdbaecb13d76e5a2b7191a
[INFO ] 2023-12-22 02:07:00.829 [main] StepDefinition - Setting up Pay Load
[INFO ] 2023-12-22 02:07:00.840 [main] StepDefinition - Capturing response
[INFO ] 2023-12-22 02:07:01.230 [main] StepDefinition - Validating if API Call status is OK
[INFO ] 2023-12-22 02:07:01.232 [main] StepDefinition - Response Body: {"status":"OK","place_id":"c2a4c54c5f9ccb9841cc1e2fb9d0b61d","scope":"APP","reference":"0c43c6e563b8606b88867e7e77a9ed750c43c6e563b8606b88867e7e77a9ed75","id":"0c43c6e563b8606b88867e7e77a9ed75"}
[INFO ] 2023-12-22 02:07:01.235 [main] StepDefinition - Validating response body value
[INFO ] 2023-12-22 02:07:01.277 [main] StepDefinition - Place ID: c2a4c54c5f9ccb9841cc1e2fb9d0b61d
[INFO ] 2023-12-22 02:07:01.277 [main] StepDefinition - Validating response body value
[INFO ] 2023-12-22 02:07:01.297 [main] StepDefinition - Place ID: c2a4c54c5f9ccb9841cc1e2fb9d0b61d
[INFO ] 2023-12-22 02:13:04.906 [main] StepDefinition - Setting up Pay Load
[INFO ] 2023-12-22 02:13:05.879 [main] StepDefinition - Capturing response
[INFO ] 2023-12-22 02:13:06.997 [main] StepDefinition - Validating if API Call status is OK
[INFO ] 2023-12-22 02:13:06.999 [main] StepDefinition - Response Body: {"status":"OK","place_id":"c4c05a623ee0c94eab5c5c7f14e8a786","scope":"APP","reference":"64641665a394b10ebc9ac8afc60bcc0664641665a394b10ebc9ac8afc60bcc06","id":"64641665a394b10ebc9ac8afc60bcc06"}
[INFO ] 2023-12-22 02:13:07.000 [main] StepDefinition - Validating response body value
[INFO ] 2023-12-22 02:13:07.341 [main] StepDefinition - Place ID: c4c05a623ee0c94eab5c5c7f14e8a786
[INFO ] 2023-12-22 02:13:07.342 [main] StepDefinition - Validating response body value
[INFO ] 2023-12-22 02:13:07.358 [main] StepDefinition - Place ID: c4c05a623ee0c94eab5c5c7f14e8a786
[INFO ] 2023-12-22 02:13:07.368 [main] StepDefinition - Setting up Pay Load
[INFO ] 2023-12-22 02:13:07.377 [main] StepDefinition - Capturing response
[INFO ] 2023-12-22 02:13:07.513 [main] StepDefinition - Validating if API Call status is OK
[INFO ] 2023-12-22 02:13:07.513 [main] StepDefinition - Response Body: {"status":"OK","place_id":"3f082d552cbc9cbd136fe1502ae87d5a","scope":"APP","reference":"3b36dda3fd72de7492001df48a56f7d13b36dda3fd72de7492001df48a56f7d1","id":"3b36dda3fd72de7492001df48a56f7d1"}
[INFO ] 2023-12-22 02:13:07.513 [main] StepDefinition - Validating response body value
[INFO ] 2023-12-22 02:13:07.533 [main] StepDefinition - Place ID: 3f082d552cbc9cbd136fe1502ae87d5a
[INFO ] 2023-12-22 02:13:07.534 [main] StepDefinition - Validating response body value
[INFO ] 2023-12-22 02:13:07.547 [main] StepDefinition - Place ID: 3f082d552cbc9cbd136fe1502ae87d5a
[INFO ] 2023-12-22 02:14:00.897 [main] StepDefinition - Setting up Pay Load
[INFO ] 2023-12-22 02:14:01.369 [main] StepDefinition - Setting up Pay Load
[INFO ] 2023-12-22 02:14:28.738 [main] StepDefinition - Setting up Pay Load
[INFO ] 2023-12-22 02:14:29.667 [main] StepDefinition - Capturing response
[INFO ] 2023-12-22 02:14:30.732 [main] StepDefinition - Validating if API Call status is OK
[INFO ] 2023-12-22 02:14:30.734 [main] StepDefinition - Response Body: {"status":"OK","place_id":"9024265181a9ceced24246186b2e7c06","scope":"APP","reference":"3d91977a0f191b39276b3cfc205ca4a63d91977a0f191b39276b3cfc205ca4a6","id":"3d91977a0f191b39276b3cfc205ca4a6"}
[INFO ] 2023-12-22 02:14:30.735 [main] StepDefinition - Validating response body value
[INFO ] 2023-12-22 02:14:31.072 [main] StepDefinition - Place ID: 9024265181a9ceced24246186b2e7c06
[INFO ] 2023-12-22 02:14:31.073 [main] StepDefinition - Validating response body value
[INFO ] 2023-12-22 02:14:31.095 [main] StepDefinition - Place ID: 9024265181a9ceced24246186b2e7c06
[INFO ] 2023-12-22 02:14:31.103 [main] StepDefinition - Setting up Pay Load
[INFO ] 2023-12-22 02:14:31.115 [main] StepDefinition - Capturing response
[INFO ] 2023-12-22 02:14:31.246 [main] StepDefinition - Validating if API Call status is OK
[INFO ] 2023-12-22 02:14:31.246 [main] StepDefinition - Response Body: {"status":"OK","place_id":"d15909177d5124503eb783a671622270","scope":"APP","reference":"76588c6f46f0c102038f047027fdf5ab76588c6f46f0c102038f047027fdf5ab","id":"76588c6f46f0c102038f047027fdf5ab"}
[INFO ] 2023-12-22 02:14:31.247 [main] StepDefinition - Validating response body value
[INFO ] 2023-12-22 02:14:31.263 [main] StepDefinition - Place ID: d15909177d5124503eb783a671622270
[INFO ] 2023-12-22 02:14:31.264 [main] StepDefinition - Validating response body value
[INFO ] 2023-12-22 02:14:31.283 [main] StepDefinition - Place ID: d15909177d5124503eb783a671622270
[INFO ] 2023-12-22 02:17:19.559 [main] StepDefinition - Setting up Pay Load
[INFO ] 2023-12-22 02:17:20.652 [main] StepDefinition - Capturing response
[INFO ] 2023-12-22 02:17:21.977 [main] StepDefinition - Validating if API Call status is OK
[INFO ] 2023-12-22 02:17:21.980 [main] StepDefinition - Response Body: {"status":"OK","place_id":"313c49bfe28de5314b9709ce7bcb1125","scope":"APP","reference":"afd5c1fc6518481ee6f467b6bda92ac3afd5c1fc6518481ee6f467b6bda92ac3","id":"afd5c1fc6518481ee6f467b6bda92ac3"}
[INFO ] 2023-12-22 02:17:21.981 [main] StepDefinition - Validating response body value
[INFO ] 2023-12-22 02:17:22.637 [main] StepDefinition - Place ID: 313c49bfe28de5314b9709ce7bcb1125
[INFO ] 2023-12-22 02:17:22.648 [main] StepDefinition - Validating response body value
[INFO ] 2023-12-22 02:17:22.691 [main] StepDefinition - Place ID: 313c49bfe28de5314b9709ce7bcb1125
[INFO ] 2023-12-22 02:17:22.704 [main] StepDefinition - Setting up Pay Load
[INFO ] 2023-12-22 02:17:22.772 [main] StepDefinition - Capturing response
[INFO ] 2023-12-22 02:17:22.974 [main] StepDefinition - Validating if API Call status is OK
[INFO ] 2023-12-22 02:17:22.976 [main] StepDefinition - Response Body: {"status":"OK","place_id":"a3fe7af04132c0425b07ad8706ad2521","scope":"APP","reference":"6811112a470122ecced7a7609ce7dbcb6811112a470122ecced7a7609ce7dbcb","id":"6811112a470122ecced7a7609ce7dbcb"}
[INFO ] 2023-12-22 02:17:22.978 [main] StepDefinition - Validating response body value
[INFO ] 2023-12-22 02:17:23.013 [main] StepDefinition - Place ID: a3fe7af04132c0425b07ad8706ad2521
[INFO ] 2023-12-22 02:17:23.016 [main] StepDefinition - Validating response body value
[INFO ] 2023-12-22 02:17:23.040 [main] StepDefinition - Place ID: a3fe7af04132c0425b07ad8706ad2521
[INFO ] 2023-12-22 02:31:24.521 [main] StepDefinition - Setting up Pay Load
[INFO ] 2023-12-22 02:31:25.507 [main] StepDefinition - Capturing response
[INFO ] 2023-12-22 02:31:26.813 [main] StepDefinition - Validating if API Call status is OK
[INFO ] 2023-12-22 02:31:26.816 [main] StepDefinition - Response Body: {"status":"OK","place_id":"12818e3dac451d652230a96b5d8364b7","scope":"APP","reference":"bee4d56edbd501f1b18e600a8b9ffacdbee4d56edbd501f1b18e600a8b9ffacd","id":"bee4d56edbd501f1b18e600a8b9ffacd"}
[INFO ] 2023-12-22 02:31:26.817 [main] StepDefinition - Validating response body value
[INFO ] 2023-12-22 02:31:27.157 [main] StepDefinition - Place ID: 12818e3dac451d652230a96b5d8364b7
[INFO ] 2023-12-22 02:31:27.158 [main] StepDefinition - Validating response body value
[INFO ] 2023-12-22 02:31:27.175 [main] StepDefinition - Place ID: 12818e3dac451d652230a96b5d8364b7
[INFO ] 2023-12-22 02:31:27.184 [main] StepDefinition - Setting up Pay Load
[INFO ] 2023-12-22 02:31:27.197 [main] StepDefinition - Capturing response
[INFO ] 2023-12-22 02:31:27.320 [main] StepDefinition - Validating if API Call status is OK
[INFO ] 2023-12-22 02:31:27.320 [main] StepDefinition - Response Body: {"status":"OK","place_id":"91b6edb8f158ce93d61403465ee1a776","scope":"APP","reference":"b14ddd613ce1c4b23177781f7e6d2ba4b14ddd613ce1c4b23177781f7e6d2ba4","id":"b14ddd613ce1c4b23177781f7e6d2ba4"}
[INFO ] 2023-12-22 02:31:27.322 [main] StepDefinition - Validating response body value
[INFO ] 2023-12-22 02:31:27.344 [main] StepDefinition - Place ID: 91b6edb8f158ce93d61403465ee1a776
[INFO ] 2023-12-22 02:31:27.344 [main] StepDefinition - Validating response body value
[INFO ] 2023-12-22 02:31:27.359 [main] StepDefinition - Place ID: 91b6edb8f158ce93d61403465ee1a776
[INFO ] 2023-12-22 02:32:32.164 [main] StepDefinition - Setting up Pay Load
[INFO ] 2023-12-22 02:32:33.089 [main] StepDefinition - Capturing response
[INFO ] 2023-12-22 02:32:34.542 [main] StepDefinition - Setting up Pay Load
[INFO ] 2023-12-22 02:32:34.579 [main] StepDefinition - Capturing response
[INFO ] 2023-12-22 02:36:55.671 [main] StepDefinition - Setting up Pay Load
[INFO ] 2023-12-22 02:36:56.724 [main] StepDefinition - Capturing response
[INFO ] 2023-12-22 02:43:16.766 [main] StepDefinition - Setting up Pay Load
[INFO ] 2023-12-22 02:43:17.742 [main] StepDefinition - Capturing response
[INFO ] 2023-12-22 02:43:18.784 [main] StepDefinition - Validating if API Call status is OK
[INFO ] 2023-12-22 02:43:18.787 [main] StepDefinition - Response Body: {"status":"OK","place_id":"d1c04c3ee48bcac9af68aeaae49228eb","scope":"APP","reference":"3aa088fe5391ecc8a522f9e8abd29bc03aa088fe5391ecc8a522f9e8abd29bc0","id":"3aa088fe5391ecc8a522f9e8abd29bc0"}
[INFO ] 2023-12-22 02:43:18.788 [main] StepDefinition - Validating response body value
[INFO ] 2023-12-22 02:43:19.131 [main] StepDefinition - Place ID: d1c04c3ee48bcac9af68aeaae49228eb
[INFO ] 2023-12-22 02:43:19.132 [main] StepDefinition - Validating response body value
[INFO ] 2023-12-22 02:43:19.147 [main] StepDefinition - Place ID: d1c04c3ee48bcac9af68aeaae49228eb
[INFO ] 2023-12-22 02:49:31.677 [main] StepDefinition - Setting up Pay Load
[INFO ] 2023-12-22 02:49:32.775 [main] StepDefinition - Capturing response
[INFO ] 2023-12-22 02:49:33.945 [main] StepDefinition - Validating if API Call status is OK
[INFO ] 2023-12-22 02:49:33.947 [main] StepDefinition - Response Body: {"status":"OK","place_id":"2bb2416ba3edd6403c116ff766843b66","scope":"APP","reference":"a4a357b847a6d02353b021a7e80ddee3a4a357b847a6d02353b021a7e80ddee3","id":"a4a357b847a6d02353b021a7e80ddee3"}
[INFO ] 2023-12-22 02:49:33.948 [main] StepDefinition - Validating response body value
[INFO ] 2023-12-22 02:49:34.341 [main] StepDefinition - Place ID: 2bb2416ba3edd6403c116ff766843b66
[INFO ] 2023-12-22 02:49:34.341 [main] StepDefinition - Validating response body value
[INFO ] 2023-12-22 02:49:34.354 [main] StepDefinition - Place ID: 2bb2416ba3edd6403c116ff766843b66
[INFO ] 2023-12-22 13:28:01.489 [main] StepDefinition - Setting up Pay Load
[INFO ] 2023-12-22 13:29:58.766 [main] StepDefinition - Setting up Pay Load
[INFO ] 2023-12-22 13:29:59.659 [main] StepDefinition - Capturing response
[INFO ] 2023-12-22 13:30:05.183 [main] StepDefinition - Validating if API Call status is OK
[INFO ] 2023-12-22 13:30:05.184 [main] StepDefinition - Response Body: {"status":"OK","place_id":"417dcf95363a2f8a75d0a38d4193ea40","scope":"APP","reference":"6156be7b2029a6a2db72593f5cf010356156be7b2029a6a2db72593f5cf01035","id":"6156be7b2029a6a2db72593f5cf01035"}
[INFO ] 2023-12-22 13:30:05.185 [main] StepDefinition - Validating response body value
[INFO ] 2023-12-22 13:30:05.427 [main] StepDefinition - Place ID: 417dcf95363a2f8a75d0a38d4193ea40
[INFO ] 2023-12-22 13:30:05.428 [main] StepDefinition - Validating response body value
[INFO ] 2023-12-22 13:30:05.468 [main] StepDefinition - Place ID: 417dcf95363a2f8a75d0a38d4193ea40
[INFO ] 2023-12-22 14:34:23.115 [main] StepDefinition - Setting up Pay Load
[INFO ] 2023-12-22 14:36:19.789 [main] StepDefinition - Setting up Pay Load
[INFO ] 2023-12-22 14:38:07.268 [main] StepDefinition - Setting up Pay Load
[INFO ] 2023-12-22 14:39:57.488 [main] StepDefinition - Setting up Pay Load
[INFO ] 2023-12-22 14:40:06.365 [main] StepDefinition - Setting up Pay Load
[INFO ] 2023-12-22 14:48:46.634 [main] StepDefinition - Setting up Pay Load
[INFO ] 2023-12-22 14:49:55.486 [main] StepDefinition - Setting up Pay Load
[INFO ] 2023-12-22 14:52:26.457 [main] StepDefinition - Setting up Pay Load
[INFO ] 2023-12-22 14:53:56.491 [main] StepDefinition - Setting up Pay Load
[INFO ] 2023-12-22 14:55:29.083 [main] StepDefinition - Setting up Pay Load
[INFO ] 2023-12-22 14:56:51.546 [main] StepDefinition - Setting up Pay Load
[INFO ] 2023-12-22 14:57:12.730 [main] StepDefinition - Setting up Pay Load
[INFO ] 2023-12-22 14:57:38.467 [main] StepDefinition - Setting up Pay Load
[INFO ] 2023-12-22 14:58:42.603 [main] StepDefinition - Setting up Pay Load
[INFO ] 2023-12-22 14:59:09.447 [main] StepDefinition - Setting up Pay Load
[INFO ] 2023-12-22 14:59:24.326 [main] StepDefinition - Setting up Pay Load
[INFO ] 2023-12-22 15:01:12.496 [main] StepDefinition - Setting up Pay Load
[INFO ] 2023-12-22 15:04:27.695 [main] StepDefinition - Setting up Pay Load
[INFO ] 2023-12-22 15:04:28.600 [main] StepDefinition - Capturing response
[INFO ] 2023-12-22 15:04:32.546 [main] StepDefinition - Validating if API Call status is OK
[INFO ] 2023-12-22 15:04:32.547 [main] StepDefinition - Response Body: {"status":"OK","place_id":"ffaeb0288f19505b38944227a3ded2bc","scope":"APP","reference":"a626458ffac52aeee1206e0e1b32ea18a626458ffac52aeee1206e0e1b32ea18","id":"a626458ffac52aeee1206e0e1b32ea18"}
[INFO ] 2023-12-22 15:04:32.549 [main] StepDefinition - Validating response body value
[INFO ] 2023-12-22 15:04:32.830 [main] StepDefinition - Place ID: ffaeb0288f19505b38944227a3ded2bc
[INFO ] 2023-12-22 15:04:32.831 [main] StepDefinition - Validating response body value
[INFO ] 2023-12-22 15:04:32.858 [main] StepDefinition - Place ID: ffaeb0288f19505b38944227a3ded2bc
[INFO ] 2023-12-22 15:05:41.278 [main] StepDefinition - Setting up Pay Load
[INFO ] 2023-12-22 15:05:59.424 [main] StepDefinition - Setting up Pay Load
[INFO ] 2023-12-22 15:06:00.322 [main] StepDefinition - Capturing response
[INFO ] 2023-12-22 15:06:03.691 [main] StepDefinition - Validating if API Call status is OK
[INFO ] 2023-12-22 15:06:03.692 [main] StepDefinition - Response Body: {"status":"OK","place_id":"60ba0d95f5d443de6a76b6da77339715","scope":"APP","reference":"e410dc1a57427f29c8bde53e92524ef7e410dc1a57427f29c8bde53e92524ef7","id":"e410dc1a57427f29c8bde53e92524ef7"}
[INFO ] 2023-12-22 15:06:03.693 [main] StepDefinition - Validating response body value
[INFO ] 2023-12-22 15:06:03.958 [main] StepDefinition - Place ID: 60ba0d95f5d443de6a76b6da77339715
[INFO ] 2023-12-22 15:06:03.959 [main] StepDefinition - Validating response body value
[INFO ] 2023-12-22 15:06:03.982 [main] StepDefinition - Place ID: 60ba0d95f5d443de6a76b6da77339715
[INFO ] 2023-12-22 15:06:48.429 [main] StepDefinition - Setting up Pay Load
[INFO ] 2023-12-22 15:06:49.305 [main] StepDefinition - Capturing response
[INFO ] 2023-12-22 15:06:52.749 [main] StepDefinition - Validating if API Call status is OK
[INFO ] 2023-12-22 15:06:52.750 [main] StepDefinition - Response Body: {"status":"OK","place_id":"d3fc69791f1fcbe4c6d00dc1592a8265","scope":"APP","reference":"2b138840a3ad9ea57be7432b5b06741a2b138840a3ad9ea57be7432b5b06741a","id":"2b138840a3ad9ea57be7432b5b06741a"}
[INFO ] 2023-12-22 15:06:52.750 [main] StepDefinition - Validating response body value
[INFO ] 2023-12-22 15:06:53.044 [main] StepDefinition - Place ID: d3fc69791f1fcbe4c6d00dc1592a8265
[INFO ] 2023-12-22 15:06:53.045 [main] StepDefinition - Validating response body value
[INFO ] 2023-12-22 15:06:53.067 [main] StepDefinition - Place ID: d3fc69791f1fcbe4c6d00dc1592a8265
[INFO ] 2023-12-22 15:38:24.705 [main] StepDefinition - Setting up Pay Load
[INFO ] 2023-12-22 15:38:25.602 [main] StepDefinition - Capturing response
[INFO ] 2023-12-22 15:38:29.592 [main] StepDefinition - Validating if API Call status is OK
[INFO ] 2023-12-22 15:38:29.595 [main] StepDefinition - Response Body: {"status":"OK","place_id":"8d6751c9860623d7e15a1364b339d5c2","scope":"APP","reference":"9f67eb6ff0a588ab63384381f8d8e8929f67eb6ff0a588ab63384381f8d8e892","id":"9f67eb6ff0a588ab63384381f8d8e892"}
[INFO ] 2023-12-22 15:38:29.595 [main] StepDefinition - Validating response body value
[INFO ] 2023-12-22 15:38:29.870 [main] StepDefinition - Place ID: 8d6751c9860623d7e15a1364b339d5c2
[INFO ] 2023-12-22 15:38:29.870 [main] StepDefinition - Validating response body value
[INFO ] 2023-12-22 15:38:29.893 [main] StepDefinition - Place ID: 8d6751c9860623d7e15a1364b339d5c2
[INFO ] 2023-12-22 16:37:44.907 [main] StepDefinition - Setting up Pay Load
[INFO ] 2023-12-22 16:37:45.914 [main] StepDefinition - Capturing response
[INFO ] 2023-12-22 16:37:49.517 [main] StepDefinition - Validating if API Call status is OK
[INFO ] 2023-12-22 16:37:49.519 [main] StepDefinition - Response Body: {"status":"OK","place_id":"5b1b8fdeea2b824ff5d198a4aba68bd8","scope":"APP","reference":"c9fd559f8d43bc537a0e897b1720908ec9fd559f8d43bc537a0e897b1720908e","id":"c9fd559f8d43bc537a0e897b1720908e"}
[INFO ] 2023-12-22 16:37:49.519 [main] StepDefinition - Validating response body value
[INFO ] 2023-12-22 16:37:49.838 [main] StepDefinition - Place ID: 5b1b8fdeea2b824ff5d198a4aba68bd8
[INFO ] 2023-12-22 16:37:49.839 [main] StepDefinition - Validating response body value
[INFO ] 2023-12-22 16:37:49.869 [main] StepDefinition - Place ID: 5b1b8fdeea2b824ff5d198a4aba68bd8
[INFO ] 2023-12-22 16:37:49.894 [main] StepDefinition - Setting up Pay Load
[INFO ] 2023-12-22 16:37:49.909 [main] StepDefinition - Capturing response
[INFO ] 2023-12-22 16:37:52.325 [main] StepDefinition - Validating if API Call status is OK
[INFO ] 2023-12-22 16:37:52.325 [main] StepDefinition - Response Body: {"status":"OK","place_id":"9ac6a071f63bc13a7abf7b8d51663f03","scope":"APP","reference":"c40ef1557a949303db53b2b588f72a2bc40ef1557a949303db53b2b588f72a2b","id":"c40ef1557a949303db53b2b588f72a2b"}
[INFO ] 2023-12-22 16:37:52.326 [main] StepDefinition - Validating response body value
[INFO ] 2023-12-22 16:37:52.376 [main] StepDefinition - Place ID: 9ac6a071f63bc13a7abf7b8d51663f03
[INFO ] 2023-12-22 16:37:52.376 [main] StepDefinition - Validating response body value
[INFO ] 2023-12-22 16:37:52.401 [main] StepDefinition - Place ID: 9ac6a071f63bc13a7abf7b8d51663f03
[INFO ] 2023-12-23 01:31:44.322 [main] StepDefinition - Setting up Pay Load
[INFO ] 2023-12-23 01:31:45.242 [main] StepDefinition - Capturing response
[INFO ] 2023-12-23 01:31:47.014 [main] StepDefinition - Validating if API Call status is OK
[INFO ] 2023-12-23 01:31:47.016 [main] StepDefinition - Response Body: {"status":"OK","place_id":"ab3a6fb2c1696a9a684496db4b2721d8","scope":"APP","reference":"0f57d772b8b3765b455bfa9ebd9d1d7a0f57d772b8b3765b455bfa9ebd9d1d7a","id":"0f57d772b8b3765b455bfa9ebd9d1d7a"}
[INFO ] 2023-12-23 01:31:47.017 [main] StepDefinition - Validating response body value
[INFO ] 2023-12-23 01:31:47.328 [main] StepDefinition - Place ID: ab3a6fb2c1696a9a684496db4b2721d8
[INFO ] 2023-12-23 01:31:47.328 [main] StepDefinition - Validating response body value
[INFO ] 2023-12-23 01:31:47.341 [main] StepDefinition - Place ID: ab3a6fb2c1696a9a684496db4b2721d8
[INFO ] 2023-12-23 01:31:47.341 [main] StepDefinition - Capturing response
[INFO ] 2023-12-23 01:34:39.520 [main] StepDefinition - Setting up Pay Load
[INFO ] 2023-12-23 01:34:40.441 [main] StepDefinition - Capturing response
[INFO ] 2023-12-23 01:34:41.392 [main] StepDefinition - Validating if API Call status is OK
[INFO ] 2023-12-23 01:34:41.394 [main] StepDefinition - Response Body: {"status":"OK","place_id":"84c7fc344f147452443960a869009734","scope":"APP","reference":"599c0c1fc4461bee64ea47c4f0076b0f599c0c1fc4461bee64ea47c4f0076b0f","id":"599c0c1fc4461bee64ea47c4f0076b0f"}
[INFO ] 2023-12-23 01:34:41.394 [main] StepDefinition - Validating response body value
[INFO ] 2023-12-23 01:34:41.658 [main] StepDefinition - Place ID: 84c7fc344f147452443960a869009734
[INFO ] 2023-12-23 01:34:41.659 [main] StepDefinition - Validating response body value
[INFO ] 2023-12-23 01:34:41.674 [main] StepDefinition - Place ID: 84c7fc344f147452443960a869009734
[INFO ] 2023-12-23 01:34:41.675 [main] StepDefinition - Capturing response
[INFO ] 2023-12-23 01:34:41.792 [main] StepDefinition - In verify data step
[INFO ] 2023-12-23 01:34:56.362 [main] StepDefinition - Setting up Pay Load
[INFO ] 2023-12-23 01:34:57.242 [main] StepDefinition - Capturing response
[INFO ] 2023-12-23 01:34:58.137 [main] StepDefinition - Validating if API Call status is OK
[INFO ] 2023-12-23 01:34:58.139 [main] StepDefinition - Response Body: {"status":"OK","place_id":"5fe1af713eadda61e0114073f7bf5d36","scope":"APP","reference":"e999ab851261b766038ebc3b80054a69e999ab851261b766038ebc3b80054a69","id":"e999ab851261b766038ebc3b80054a69"}
[INFO ] 2023-12-23 01:34:58.139 [main] StepDefinition - Validating response body value
[INFO ] 2023-12-23 01:34:58.441 [main] StepDefinition - Place ID: 5fe1af713eadda61e0114073f7bf5d36
[INFO ] 2023-12-23 01:34:58.441 [main] StepDefinition - Validating response body value
[INFO ] 2023-12-23 01:34:58.459 [main] StepDefinition - Place ID: 5fe1af713eadda61e0114073f7bf5d36
[INFO ] 2023-12-23 01:34:58.460 [main] StepDefinition - Capturing response
[INFO ] 2023-12-23 01:34:58.587 [main] StepDefinition - In verify data step
[INFO ] 2023-12-23 01:39:20.976 [main] StepDefinition - Setting up Pay Load
[INFO ] 2023-12-23 01:39:21.860 [main] StepDefinition - Capturing response
[INFO ] 2023-12-23 01:39:22.987 [main] StepDefinition - Validating if API Call status is OK
[INFO ] 2023-12-23 01:39:22.989 [main] StepDefinition - Response Body: {"status":"OK","place_id":"1442f1e78d661ca9cf8655c02a70ffa7","scope":"APP","reference":"43605b1fb4422ee57b0d27d3fe255e2843605b1fb4422ee57b0d27d3fe255e28","id":"43605b1fb4422ee57b0d27d3fe255e28"}
[INFO ] 2023-12-23 01:39:22.990 [main] StepDefinition - Validating response body value
[INFO ] 2023-12-23 01:39:23.292 [main] StepDefinition - Place ID: 1442f1e78d661ca9cf8655c02a70ffa7
[INFO ] 2023-12-23 01:39:23.293 [main] StepDefinition - Validating response body value
[INFO ] 2023-12-23 01:39:23.310 [main] StepDefinition - Place ID: 1442f1e78d661ca9cf8655c02a70ffa7
[INFO ] 2023-12-23 01:39:23.311 [main] StepDefinition - Capturing response
[INFO ] 2023-12-23 01:39:23.436 [main] StepDefinition - In verify data step
[INFO ] 2023-12-23 01:40:28.892 [main] StepDefinition - Setting up Pay Load
[INFO ] 2023-12-23 01:40:29.706 [main] StepDefinition - Capturing response
[INFO ] 2023-12-23 01:40:30.633 [main] StepDefinition - Validating if API Call status is OK
[INFO ] 2023-12-23 01:40:30.635 [main] StepDefinition - Response Body: {"status":"OK","place_id":"c6581f63912e6586c22f24cad5263698","scope":"APP","reference":"b986633389b4aee706958fcf487f4cfbb986633389b4aee706958fcf487f4cfb","id":"b986633389b4aee706958fcf487f4cfb"}
[INFO ] 2023-12-23 01:40:30.637 [main] StepDefinition - Validating response body value
[INFO ] 2023-12-23 01:40:30.971 [main] StepDefinition - Place ID: c6581f63912e6586c22f24cad5263698
[INFO ] 2023-12-23 01:40:30.972 [main] StepDefinition - Validating response body value
[INFO ] 2023-12-23 01:40:30.991 [main] StepDefinition - Place ID: c6581f63912e6586c22f24cad5263698
[INFO ] 2023-12-23 01:40:30.992 [main] StepDefinition - Capturing response
[INFO ] 2023-12-23 01:40:31.103 [main] StepDefinition - In verify data step
[INFO ] 2023-12-23 01:40:31.111 [main] StepDefinition - Expected: 123, Street, East Coast; Actual: null
[INFO ] 2023-12-23 01:46:14.189 [main] StepDefinition - Setting up Pay Load
[INFO ] 2023-12-23 01:46:15.043 [main] StepDefinition - Calling API: AddPlaceAPI; HTTP Method: POST
[INFO ] 2023-12-23 01:46:16.154 [main] StepDefinition - Validating if API Call status is OK
[INFO ] 2023-12-23 01:46:16.157 [main] StepDefinition - Response Body: {"status":"OK","place_id":"1de55ccafac6d8bc5d598db225b9672d","scope":"APP","reference":"aed884716504dc9ce8411337461eab38aed884716504dc9ce8411337461eab38","id":"aed884716504dc9ce8411337461eab38"}
[INFO ] 2023-12-23 01:46:16.158 [main] StepDefinition - Validating response body value
[INFO ] 2023-12-23 01:46:16.450 [main] StepDefinition - Place ID: 1de55ccafac6d8bc5d598db225b9672d
[INFO ] 2023-12-23 01:46:16.450 [main] StepDefinition - Validating response body value
[INFO ] 2023-12-23 01:46:16.464 [main] StepDefinition - Place ID: 1de55ccafac6d8bc5d598db225b9672d
[INFO ] 2023-12-23 01:46:16.465 [main] StepDefinition - Calling API: GetPlaceAPI; HTTP Method: GET
[INFO ] 2023-12-23 01:46:16.589 [main] StepDefinition - In verify data step
[INFO ] 2023-12-23 01:46:16.612 [main] StepDefinition - Expected: 123, Street, East Coast; Actual: null
[INFO ] 2023-12-23 01:47:58.209 [main] StepDefinition - Setting up Pay Load
[INFO ] 2023-12-23 01:47:59.032 [main] StepDefinition - Calling API: AddPlaceAPI; HTTP Method: POST
[INFO ] 2023-12-23 01:48:00.083 [main] StepDefinition - Validating if API Call status is OK
[INFO ] 2023-12-23 01:48:00.087 [main] StepDefinition - Response Body: {"status":"OK","place_id":"a88e2a33f701632b1ed476097d9d42ce","scope":"APP","reference":"8f89f5b3091039ed5fb433f4fdad2a2a8f89f5b3091039ed5fb433f4fdad2a2a","id":"8f89f5b3091039ed5fb433f4fdad2a2a"}
[INFO ] 2023-12-23 01:48:00.088 [main] StepDefinition - Validating response body value
[INFO ] 2023-12-23 01:48:00.392 [main] StepDefinition - Place ID: a88e2a33f701632b1ed476097d9d42ce
[INFO ] 2023-12-23 01:48:00.393 [main] StepDefinition - Validating response body value
[INFO ] 2023-12-23 01:48:00.411 [main] StepDefinition - Place ID: a88e2a33f701632b1ed476097d9d42ce
[INFO ] 2023-12-23 01:48:00.413 [main] StepDefinition - Calling API: GetPlaceAPI; HTTP Method: GET
[INFO ] 2023-12-23 01:48:00.544 [main] StepDefinition - In verify data step
[INFO ] 2023-12-23 01:51:23.952 [main] StepDefinition - Setting up Pay Load
[INFO ] 2023-12-23 01:51:24.772 [main] StepDefinition - Calling API: AddPlaceAPI; HTTP Method: POST
[INFO ] 2023-12-23 01:51:25.774 [main] StepDefinition - Validating if API Call status is OK
[INFO ] 2023-12-23 01:51:25.776 [main] StepDefinition - Response Body: {"status":"OK","place_id":"20f19644946dac212d3098eb4880f3d4","scope":"APP","reference":"7555b603131731da2a8c5fe390f49e197555b603131731da2a8c5fe390f49e19","id":"7555b603131731da2a8c5fe390f49e19"}
[INFO ] 2023-12-23 01:51:25.778 [main] StepDefinition - in_response_body_is
[INFO ] 2023-12-23 01:51:25.778 [main] StepDefinition - Validating response body value
[INFO ] 2023-12-23 01:51:26.088 [main] StepDefinition - Place ID: 20f19644946dac212d3098eb4880f3d4
[INFO ] 2023-12-23 01:51:26.089 [main] StepDefinition - in_response_body_is
[INFO ] 2023-12-23 01:51:26.089 [main] StepDefinition - Validating response body value
[INFO ] 2023-12-23 01:51:26.108 [main] StepDefinition - Place ID: 20f19644946dac212d3098eb4880f3d4
[INFO ] 2023-12-23 01:51:26.109 [main] StepDefinition - Calling API: GetPlaceAPI; HTTP Method: GET
[INFO ] 2023-12-23 01:51:26.218 [main] StepDefinition - In verify data step
[INFO ] 2023-12-23 01:56:13.034 [main] StepDefinition - Setting up Pay Load
[INFO ] 2023-12-23 01:56:13.881 [main] StepDefinition - Calling API: AddPlaceAPI; HTTP Method: POST
[INFO ] 2023-12-23 01:56:14.896 [main] StepDefinition - Validating if API Call status is OK
[INFO ] 2023-12-23 01:56:14.898 [main] StepDefinition - Response Body: {"status":"OK","place_id":"c365f610db71b1f81f7e353f547e3610","scope":"APP","reference":"74aec265ce904abb01fc65d815a3f51b74aec265ce904abb01fc65d815a3f51b","id":"74aec265ce904abb01fc65d815a3f51b"}
[INFO ] 2023-12-23 01:56:14.899 [main] StepDefinition - in_response_body_is
[INFO ] 2023-12-23 01:56:14.899 [main] StepDefinition - Validating response body value
[INFO ] 2023-12-23 01:56:15.217 [main] StepDefinition - Place ID: c365f610db71b1f81f7e353f547e3610
[INFO ] 2023-12-23 01:56:15.219 [main] StepDefinition - in_response_body_is
[INFO ] 2023-12-23 01:56:15.219 [main] StepDefinition - Validating response body value
[INFO ] 2023-12-23 01:56:15.238 [main] StepDefinition - Place ID: c365f610db71b1f81f7e353f547e3610
[INFO ] 2023-12-23 01:56:15.239 [main] StepDefinition - Calling API: GetPlaceAPI; HTTP Method: GET
[INFO ] 2023-12-23 01:56:15.360 [main] StepDefinition - In verify data step
[INFO ] 2023-12-23 01:56:15.360 [main] StepDefinition - res: io.restassured.internal.RestAssuredResponseImpl@5563bb40
[INFO ] 2023-12-23 01:56:15.360 [main] StepDefinition - res.toString(): io.restassured.internal.RestAssuredResponseImpl@5563bb40
[INFO ] 2023-12-23 01:56:15.362 [main] StepDefinition - res.asString(): 
[INFO ] 2023-12-23 02:17:37.427 [main] StepDefinition - Setting up Pay Load
[INFO ] 2023-12-23 02:17:43.709 [main] StepDefinition - Calling API: AddPlaceAPI; HTTP Method: POST
[INFO ] 2023-12-23 02:17:51.418 [main] StepDefinition - Call done: 8d419f5eae984a1322c1ae7bfe035853
[INFO ] 2023-12-23 02:17:51.431 [main] StepDefinition - Validating if API Call status is OK
[INFO ] 2023-12-23 02:17:51.435 [main] StepDefinition - Response Body: {"status":"OK","place_id":"8d419f5eae984a1322c1ae7bfe035853","scope":"APP","reference":"3e71f0315501d55dd3ecf3ce0e977fac3e71f0315501d55dd3ecf3ce0e977fac","id":"3e71f0315501d55dd3ecf3ce0e977fac"}
[INFO ] 2023-12-23 02:17:51.437 [main] StepDefinition - in_response_body_is
[INFO ] 2023-12-23 02:17:51.437 [main] StepDefinition - Validating response body value
[INFO ] 2023-12-23 02:17:52.235 [main] StepDefinition - Place ID: 8d419f5eae984a1322c1ae7bfe035853
[INFO ] 2023-12-23 02:17:52.235 [main] StepDefinition - in_response_body_is
[INFO ] 2023-12-23 02:17:52.235 [main] StepDefinition - Validating response body value
[INFO ] 2023-12-23 02:17:52.253 [main] StepDefinition - Place ID: 8d419f5eae984a1322c1ae7bfe035853
[INFO ] 2023-12-23 02:17:52.253 [main] StepDefinition - Calling API: GetPlaceAPI; HTTP Method: GET
[INFO ] 2023-12-23 02:23:32.685 [main] StepDefinition - Setting up Pay Load
[INFO ] 2023-12-23 02:23:33.610 [main] StepDefinition - Calling API: AddPlaceAPI; HTTP Method: POST
[INFO ] 2023-12-23 02:23:34.666 [main] StepDefinition - Validating if API Call status is OK
[INFO ] 2023-12-23 02:23:34.668 [main] StepDefinition - Response Body: {"status":"OK","place_id":"8a78c1402b19af267976f8c7ad6ac88a","scope":"APP","reference":"d534a617962867a1375684470d22dd53d534a617962867a1375684470d22dd53","id":"d534a617962867a1375684470d22dd53"}
[INFO ] 2023-12-23 02:23:34.670 [main] StepDefinition - in_response_body_is
[INFO ] 2023-12-23 02:23:34.670 [main] StepDefinition - Validating response body value
[INFO ] 2023-12-23 02:23:34.970 [main] StepDefinition - Place ID: 8a78c1402b19af267976f8c7ad6ac88a
[INFO ] 2023-12-23 02:23:34.971 [main] StepDefinition - in_response_body_is
[INFO ] 2023-12-23 02:23:34.972 [main] StepDefinition - Validating response body value
[INFO ] 2023-12-23 02:23:34.990 [main] StepDefinition - Place ID: 8a78c1402b19af267976f8c7ad6ac88a
[INFO ] 2023-12-23 02:23:34.992 [main] StepDefinition - In verify data step
[INFO ] 2023-12-23 02:23:34.992 [main] StepDefinition - res: io.restassured.internal.RestAssuredResponseImpl@baa227e
[INFO ] 2023-12-23 02:23:34.992 [main] StepDefinition - res.toString(): io.restassured.internal.RestAssuredResponseImpl@baa227e
[INFO ] 2023-12-23 02:23:34.992 [main] StepDefinition - res.asString(): {"status":"OK","place_id":"8a78c1402b19af267976f8c7ad6ac88a","scope":"APP","reference":"d534a617962867a1375684470d22dd53d534a617962867a1375684470d22dd53","id":"d534a617962867a1375684470d22dd53"}
[INFO ] 2023-12-23 02:23:35.002 [main] StepDefinition - Expected: 123, Street, East Coast; Actual: null
[INFO ] 2023-12-23 02:44:48.027 [main] StepDefinition - Setting up Pay Load
[INFO ] 2023-12-23 02:44:48.908 [main] StepDefinition - Calling API: AddPlaceAPI; HTTP Method: POST
[INFO ] 2023-12-23 02:44:49.918 [main] StepDefinition - Validating if API Call status is OK
[INFO ] 2023-12-23 02:44:49.920 [main] StepDefinition - Response Body: {"status":"OK","place_id":"762f1bc420766fcf8e833cb67fcbb3a8","scope":"APP","reference":"54023b4a95c5f3a2717479787d76b09c54023b4a95c5f3a2717479787d76b09c","id":"54023b4a95c5f3a2717479787d76b09c"}
[INFO ] 2023-12-23 02:44:49.921 [main] StepDefinition - in_response_body_is
[INFO ] 2023-12-23 02:44:49.921 [main] StepDefinition - Validating response body value
[INFO ] 2023-12-23 02:44:50.214 [main] StepDefinition - Place ID: 762f1bc420766fcf8e833cb67fcbb3a8
[INFO ] 2023-12-23 02:44:50.215 [main] StepDefinition - in_response_body_is
[INFO ] 2023-12-23 02:44:50.215 [main] StepDefinition - Validating response body value
[INFO ] 2023-12-23 02:44:50.236 [main] StepDefinition - Place ID: 762f1bc420766fcf8e833cb67fcbb3a8
[INFO ] 2023-12-23 02:44:50.237 [main] StepDefinition - In verify data step
[INFO ] 2023-12-23 02:44:50.240 [main] StepDefinition - Calling API: GetPlaceAPI; HTTP Method: GET
[INFO ] 2023-12-23 02:44:51.065 [main] StepDefinition - Expected: 123, Street, East Coast; Actual: 123, Street, East Coast - 23-Dec-2023_02-44-48-610
[INFO ] 2023-12-23 02:46:07.162 [main] StepDefinition - Setting up Pay Load
[INFO ] 2023-12-23 02:46:07.977 [main] StepDefinition - Calling API: AddPlaceAPI; HTTP Method: POST
[INFO ] 2023-12-23 02:46:08.959 [main] StepDefinition - Validating if API Call status is OK
[INFO ] 2023-12-23 02:46:08.961 [main] StepDefinition - Response Body: {"status":"OK","place_id":"f0b04168e68f9e14746931ddf41b31fe","scope":"APP","reference":"c66b9cebbc751eec37d7e0d042fc2683c66b9cebbc751eec37d7e0d042fc2683","id":"c66b9cebbc751eec37d7e0d042fc2683"}
[INFO ] 2023-12-23 02:46:08.963 [main] StepDefinition - in_response_body_is
[INFO ] 2023-12-23 02:46:08.963 [main] StepDefinition - Validating response body value
[INFO ] 2023-12-23 02:46:09.214 [main] StepDefinition - Place ID: f0b04168e68f9e14746931ddf41b31fe
[INFO ] 2023-12-23 02:46:09.214 [main] StepDefinition - in_response_body_is
[INFO ] 2023-12-23 02:46:09.214 [main] StepDefinition - Validating response body value
[INFO ] 2023-12-23 02:46:09.229 [main] StepDefinition - Place ID: f0b04168e68f9e14746931ddf41b31fe
[INFO ] 2023-12-23 02:46:09.230 [main] StepDefinition - In verify data step
[INFO ] 2023-12-23 02:46:09.233 [main] StepDefinition - Calling API: GetPlaceAPI; HTTP Method: GET
[INFO ] 2023-12-23 02:46:10.543 [main] StepDefinition - Expected: 123, Street, East Coast; Actual: 123, Street, East Coast - 23-Dec-2023_02-46-07-691
[INFO ] 2023-12-23 02:47:01.376 [main] StepDefinition - Setting up Pay Load
[INFO ] 2023-12-23 02:47:02.218 [main] StepDefinition - Calling API: AddPlaceAPI; HTTP Method: POST
[INFO ] 2023-12-23 02:47:03.124 [main] StepDefinition - Validating if API Call status is OK
[INFO ] 2023-12-23 02:47:03.126 [main] StepDefinition - Response Body: {"status":"OK","place_id":"ea4550578e9145746886a8023ea40165","scope":"APP","reference":"3f8c497db565c311aabaae212ff1688c3f8c497db565c311aabaae212ff1688c","id":"3f8c497db565c311aabaae212ff1688c"}
[INFO ] 2023-12-23 02:47:03.127 [main] StepDefinition - in_response_body_is
[INFO ] 2023-12-23 02:47:03.127 [main] StepDefinition - Validating response body value
[INFO ] 2023-12-23 02:47:03.431 [main] StepDefinition - Place ID: ea4550578e9145746886a8023ea40165
[INFO ] 2023-12-23 02:47:03.432 [main] StepDefinition - in_response_body_is
[INFO ] 2023-12-23 02:47:03.432 [main] StepDefinition - Validating response body value
[INFO ] 2023-12-23 02:47:03.450 [main] StepDefinition - Place ID: ea4550578e9145746886a8023ea40165
[INFO ] 2023-12-23 02:47:03.451 [main] StepDefinition - In verify data step
[INFO ] 2023-12-23 02:47:03.453 [main] StepDefinition - Calling API: GetPlaceAPI; HTTP Method: GET
[INFO ] 2023-12-23 02:47:04.217 [main] StepDefinition - 
Expected: 123, Street, East Coast
Actual: 123, Street, East Coast - 23-Dec-2023_02-47-01-904
[INFO ] 2023-12-23 02:47:37.531 [main] StepDefinition - Setting up Pay Load
[INFO ] 2023-12-23 02:47:38.407 [main] StepDefinition - Calling API: AddPlaceAPI; HTTP Method: POST
[INFO ] 2023-12-23 02:47:39.356 [main] StepDefinition - Validating if API Call status is OK
[INFO ] 2023-12-23 02:47:39.360 [main] StepDefinition - Response Body: {"status":"OK","place_id":"e975473a191b9ef41ee586540e69bc4e","scope":"APP","reference":"dc803856f34cb1555a3505f69ea03ddadc803856f34cb1555a3505f69ea03dda","id":"dc803856f34cb1555a3505f69ea03dda"}
[INFO ] 2023-12-23 02:47:39.363 [main] StepDefinition - in_response_body_is
[INFO ] 2023-12-23 02:47:39.363 [main] StepDefinition - Validating response body value
[INFO ] 2023-12-23 02:47:39.626 [main] StepDefinition - Place ID: e975473a191b9ef41ee586540e69bc4e
[INFO ] 2023-12-23 02:47:39.628 [main] StepDefinition - in_response_body_is
[INFO ] 2023-12-23 02:47:39.628 [main] StepDefinition - Validating response body value
[INFO ] 2023-12-23 02:47:39.643 [main] StepDefinition - Place ID: e975473a191b9ef41ee586540e69bc4e
[INFO ] 2023-12-23 02:47:39.644 [main] StepDefinition - In verify data step
[INFO ] 2023-12-23 02:47:39.647 [main] StepDefinition - Calling API: GetPlaceAPI; HTTP Method: GET
[INFO ] 2023-12-23 02:47:40.274 [main] StepDefinition - 
Expected: 123, Street, East Coast
Actual  : 123, Street, East Coast - 23-Dec-2023_02-47-38-098
