Request method:	POST
Request URI:	https://rahulshettyacademy.com/maps/api/place/add/json?key=qaclick123
Proxy:			<none>
Request params:	<none>
Query params:	key=qaclick123
Form params:	<none>
Path params:	<none>
Headers:		Accept=*/*
				Content-Type=application/json; charset=UTF-8
Cookies:		<none>
Multiparts:		<none>
Body:
{
    "accuracy": "50",
    "name": "Iqbal Villa",
    "phone_number": "+965 123123",
    "address": "8-1-33, Toli Chowki 21-Dec-2023_22-24-47-199",
    "types": [
        "Grocery",
        "Dairy",
        "Snack"
    ],
    "website": "www.google.com",
    "language": "English-IN",
    "location": {
        "lat": 32.98977,
        "lng": -32.98977
    }
}
